#
# There is insufficient memory for the Java Runtime Environment to continue.
# Native memory allocation (malloc) failed to allocate 1514576 bytes for Chunk::new
# Possible reasons:
#   The system is out of physical RAM or swap space
#   The process is running with CompressedOops enabled, and the Java Heap may be blocking the growth of the native heap
# Possible solutions:
#   Reduce memory load on the system
#   Increase physical memory or swap space
#   Check if swap backing store is full
#   Decrease Java heap size (-Xmx/-Xms)
#   Decrease number of Java threads
#   Decrease Java thread stack sizes (-Xss)
#   Set larger code cache with -XX:ReservedCodeCacheSize=
#   JVM is running with Unscaled Compressed Oops mode in which the Java heap is
#     placed in the first 4GB address space. The Java Heap base address is the
#     maximum limit for the native heap growth. Please use -XX:HeapBaseMinAddress
#     to set the Java Heap base and to place the Java Heap above 4GB virtual address.
# This output file may be truncated or incomplete.
#
#  Out of Memory Error (./src/hotspot/share/memory/arena.cpp:197), pid=4940, tid=28968
#
# JRE version: OpenJDK Runtime Environment (11.0.12+7) (build 11.0.12+7-b1504.28-7817840)
# Java VM: OpenJDK 64-Bit Server VM (11.0.12+7-b1504.28-7817840, mixed mode, tiered, compressed oops, g1 gc, windows-amd64)
# No core dump will be written. Minidumps are not enabled by default on client versions of Windows
#

---------------  S U M M A R Y ------------

Command Line: --add-opens=java.base/java.util=ALL-UNNAMED --add-opens=java.base/java.lang=ALL-UNNAMED --add-opens=java.base/java.lang.invoke=ALL-UNNAMED --add-opens=java.base/java.util=ALL-UNNAMED --add-opens=java.prefs/java.util.prefs=ALL-UNNAMED --add-opens=java.prefs/java.util.prefs=ALL-UNNAMED --add-opens=java.base/java.nio.charset=ALL-UNNAMED --add-opens=java.base/java.net=ALL-UNNAMED --add-opens=java.base/java.util.concurrent.atomic=ALL-UNNAMED -Xmx2048m -Dfile.encoding=UTF-8 -Duser.country=US -Duser.language=en -Duser.variant org.gradle.launcher.daemon.bootstrap.GradleDaemon 7.3.3

Host: 12th Gen Intel(R) Core(TM) i5-1235U, 12 cores, 7G,  Windows 10 , 64 bit Build 22000 (10.0.22000.675)
Time: Tue May 31 09:15:59 2022 India Standard Time elapsed time: 412.317371 seconds (0d 0h 6m 52s)

---------------  T H R E A D  ---------------

Current thread (0x0000027bff74f000):  JavaThread "C2 CompilerThread0" daemon [_thread_in_native, id=28968, stack(0x0000009ed3500000,0x0000009ed3600000)]


Current CompileTask:
C2: 412317 12180       4       org.objectweb.asm.ClassReader::readMethod (1061 bytes)

Stack: [0x0000009ed3500000,0x0000009ed3600000]
Native frames: (J=compiled Java code, j=interpreted, Vv=VM code, C=native code)
V  [jvm.dll+0x5fbcea]
V  [jvm.dll+0x731905]
V  [jvm.dll+0x732f1d]
V  [jvm.dll+0x7335d3]
V  [jvm.dll+0x247bf8]
V  [jvm.dll+0xc018c]
V  [jvm.dll+0xc06cc]
V  [jvm.dll+0x35b2db]
V  [jvm.dll+0x328803]
V  [jvm.dll+0x327cfa]
V  [jvm.dll+0x200602]
V  [jvm.dll+0x1ff794]
V  [jvm.dll+0x18868c]
V  [jvm.dll+0x20e0d7]
V  [jvm.dll+0x20c901]
V  [jvm.dll+0x6f9b7f]
V  [jvm.dll+0x6f26a5]
V  [jvm.dll+0x5fabf6]
C  [ucrtbase.dll+0x26c0c]
C  [KERNEL32.DLL+0x154e0]
C  [ntdll.dll+0x485b]


---------------  P R O C E S S  ---------------

Threads class SMR info:
_java_thread_list=0x0000027b80f81b60, length=164, elements={
0x0000027be45ee000, 0x0000027bfeedc800, 0x0000027bfeedd800, 0x0000027bff745800,
0x0000027bff748800, 0x0000027bff74a000, 0x0000027bff74f000, 0x0000027bff750000,
0x0000027bff752000, 0x0000027bff8c4800, 0x0000027b81da7000, 0x0000027b81394000,
0x0000027b829d0000, 0x0000027b8087f800, 0x0000027b81c88800, 0x0000027b81552000,
0x0000027b82bf1000, 0x0000027b82baa000, 0x0000027b817f2000, 0x0000027b817f1000,
0x0000027b817f0800, 0x0000027b817f7000, 0x0000027b817f4800, 0x0000027b817f6000,
0x0000027b817f2800, 0x0000027b817f3800, 0x0000027b817f5000, 0x0000027b819d2800,
0x0000027b819d0000, 0x0000027b819d4000, 0x0000027b819cf800, 0x0000027b819d6800,
0x0000027b819d3800, 0x0000027b819d6000, 0x0000027b819d1000, 0x0000027b819d7800,
0x0000027b819d5000, 0x0000027b819d2000, 0x0000027b819de000, 0x0000027b819d9000,
0x0000027b819db000, 0x0000027b819db800, 0x0000027b85606800, 0x0000027b85609800,
0x0000027b85608000, 0x0000027b8560b000, 0x0000027b85605800, 0x0000027b85610000,
0x0000027b8560f800, 0x0000027b8560d000, 0x0000027b8560a800, 0x0000027b85611000,
0x0000027b8560e800, 0x0000027b8560d800, 0x0000027b85611800, 0x0000027b8560c000,
0x0000027b85612800, 0x0000027b85613800, 0x0000027b85614000, 0x0000027b81a0f000,
0x0000027b81a10000, 0x0000027b81a11000, 0x0000027b81a11800, 0x0000027b81a14000,
0x0000027b81a0e800, 0x0000027b81a12800, 0x0000027b81a15000, 0x0000027b81a18000,
0x0000027b81a16000, 0x0000027b81a19000, 0x0000027b81a13800, 0x0000027b81a1a000,
0x0000027b81a1a800, 0x0000027b81a1c800, 0x0000027b81a1b800, 0x0000027b81a16800,
0x0000027b81a1d000, 0x0000027b81a17800, 0x0000027b8368c800, 0x0000027b83690000,
0x0000027b8368b000, 0x0000027b8368e000, 0x0000027b8368a000, 0x0000027b8368d800,
0x0000027b83690800, 0x0000027b83691800, 0x0000027b8368c000, 0x0000027b83692800,
0x0000027b8368f000, 0x0000027b83694800, 0x0000027b83696800, 0x0000027b83695800,
0x0000027b83698000, 0x0000027b83699000, 0x0000027b83693000, 0x0000027b83697000,
0x0000027b85484000, 0x0000027b85486800, 0x0000027b85488000, 0x0000027b85487000,
0x0000027b85485800, 0x0000027b85489000, 0x0000027b85484800, 0x0000027b85483000,
0x0000027b85489800, 0x0000027b83694000, 0x0000027b819dd000, 0x0000027b850cc800,
0x0000027b850cb000, 0x0000027b850c9000, 0x0000027b850c6800, 0x0000027b850c8800,
0x0000027b850ca000, 0x0000027b850cd800, 0x0000027b850c7800, 0x0000027b850cf000,
0x0000027b850ce000, 0x0000027b850cf800, 0x0000027b850d0800, 0x0000027b850cb800,
0x0000027b850d1800, 0x0000027b850d2000, 0x0000027b850d4000, 0x0000027b850d3000,
0x0000027b850d4800, 0x0000027b850d5800, 0x0000027b8244d000, 0x0000027b8244c000,
0x0000027b8244f800, 0x0000027b82451800, 0x0000027b8244e800, 0x0000027b8244d800,
0x0000027b82454000, 0x0000027b82455000, 0x0000027b82456000, 0x0000027b82451000,
0x0000027b82452800, 0x0000027b82450000, 0x0000027b82456800, 0x0000027b82457800,
0x0000027b82458800, 0x0000027b82459000, 0x0000027b82453800, 0x0000027b8245a000,
0x0000027b8245a800, 0x0000027b828df000, 0x0000027b828e2800, 0x0000027b828e1800,
0x0000027b828e4000, 0x0000027b828e5000, 0x0000027b828e1000, 0x0000027b828e6000,
0x0000027b828e3800, 0x0000027b828e0000, 0x0000027b82350800, 0x0000027b82354800,
0x0000027b82352000, 0x0000027b82357000, 0x0000027b82353000, 0x0000027b82354000,
0x0000027b82351800, 0x0000027b82356800, 0x0000027b82358000, 0x0000027b82359000
}

Java Threads: ( => current thread )
  0x0000027be45ee000 JavaThread "main" [_thread_blocked, id=23108, stack(0x0000009ed2900000,0x0000009ed2a00000)]
  0x0000027bfeedc800 JavaThread "Reference Handler" daemon [_thread_blocked, id=4896, stack(0x0000009ed3000000,0x0000009ed3100000)]
  0x0000027bfeedd800 JavaThread "Finalizer" daemon [_thread_blocked, id=32148, stack(0x0000009ed3100000,0x0000009ed3200000)]
  0x0000027bff745800 JavaThread "Signal Dispatcher" daemon [_thread_blocked, id=33356, stack(0x0000009ed3200000,0x0000009ed3300000)]
  0x0000027bff748800 JavaThread "Attach Listener" daemon [_thread_blocked, id=22040, stack(0x0000009ed3300000,0x0000009ed3400000)]
  0x0000027bff74a000 JavaThread "Service Thread" daemon [_thread_blocked, id=7700, stack(0x0000009ed3400000,0x0000009ed3500000)]
=>0x0000027bff74f000 JavaThread "C2 CompilerThread0" daemon [_thread_in_native, id=28968, stack(0x0000009ed3500000,0x0000009ed3600000)]
  0x0000027bff750000 JavaThread "C1 CompilerThread0" daemon [_thread_blocked, id=34776, stack(0x0000009ed3600000,0x0000009ed3700000)]
  0x0000027bff752000 JavaThread "Sweeper thread" daemon [_thread_blocked, id=29968, stack(0x0000009ed3700000,0x0000009ed3800000)]
  0x0000027bff8c4800 JavaThread "Common-Cleaner" daemon [_thread_blocked, id=25152, stack(0x0000009ed3800000,0x0000009ed3900000)]
  0x0000027b81da7000 JavaThread "Daemon health stats" [_thread_blocked, id=30300, stack(0x0000009ed2800000,0x0000009ed2900000)]
  0x0000027b81394000 JavaThread "Incoming local TCP Connector on port 50275" [_thread_in_native, id=34208, stack(0x0000009ed2700000,0x0000009ed2800000)]
  0x0000027b829d0000 JavaThread "Daemon periodic checks" [_thread_blocked, id=4644, stack(0x0000009ed3b00000,0x0000009ed3c00000)]
  0x0000027b8087f800 JavaThread "Daemon" [_thread_blocked, id=18980, stack(0x0000009ed3c00000,0x0000009ed3d00000)]
  0x0000027b81c88800 JavaThread "Handler for socket connection from /127.0.0.1:50275 to /127.0.0.1:50276" [_thread_in_native, id=20972, stack(0x0000009ed3d00000,0x0000009ed3e00000)]
  0x0000027b81552000 JavaThread "Cancel handler" [_thread_blocked, id=26720, stack(0x0000009ed3f00000,0x0000009ed4000000)]
  0x0000027b82bf1000 JavaThread "Daemon worker" [_thread_blocked, id=31036, stack(0x0000009ed4000000,0x0000009ed4100000)]
  0x0000027b82baa000 JavaThread "Asynchronous log dispatcher for DefaultDaemonConnection: socket connection from /127.0.0.1:50275 to /127.0.0.1:50276" [_thread_blocked, id=31548, stack(0x0000009ed4100000,0x0000009ed4200000)]
  0x0000027b817f2000 JavaThread "Daemon client event forwarder" [_thread_blocked, id=31536, stack(0x0000009ed4300000,0x0000009ed4400000)]
  0x0000027b817f1000 JavaThread "Cache worker for journal cache (C:\Users\HP\.gradle\caches\journal-1)" [_thread_blocked, id=9260, stack(0x0000009ed3e00000,0x0000009ed3f00000)]
  0x0000027b817f0800 JavaThread "File lock request listener" [_thread_in_native, id=30932, stack(0x0000009ed4c00000,0x0000009ed4d00000)]
  0x0000027b817f7000 JavaThread "Cache worker for file hash cache (C:\Users\HP\.gradle\caches\7.3.3\fileHashes)" [_thread_blocked, id=14784, stack(0x0000009ed4f00000,0x0000009ed5000000)]
  0x0000027b817f4800 JavaThread "Cache worker for file hash cache (C:\Users\HP\AndroidStudioProjects\WebViewActivity\.gradle\7.3.3\fileHashes)" [_thread_blocked, id=27376, stack(0x0000009ed5100000,0x0000009ed5200000)]
  0x0000027b817f6000 JavaThread "File watcher server" daemon [_thread_in_native, id=31472, stack(0x0000009ed5200000,0x0000009ed5300000)]
  0x0000027b817f2800 JavaThread "File watcher consumer" daemon [_thread_blocked, id=30840, stack(0x0000009ed5300000,0x0000009ed5400000)]
  0x0000027b817f3800 JavaThread "jar transforms" [_thread_in_native, id=21448, stack(0x0000009ed5000000,0x0000009ed5100000)]
  0x0000027b817f5000 JavaThread "jar transforms Thread 2" [_thread_in_native, id=12368, stack(0x0000009ed5400000,0x0000009ed5500000)]
  0x0000027b819d2800 JavaThread "jar transforms Thread 3" [_thread_in_native, id=32940, stack(0x0000009ed5500000,0x0000009ed5600000)]
  0x0000027b819d0000 JavaThread "jar transforms Thread 4" [_thread_in_native, id=3928, stack(0x0000009ed5600000,0x0000009ed5700000)]
  0x0000027b819d4000 JavaThread "jar transforms Thread 5" [_thread_in_native, id=18080, stack(0x0000009ed5700000,0x0000009ed5800000)]
  0x0000027b819cf800 JavaThread "jar transforms Thread 6" [_thread_in_native, id=31756, stack(0x0000009ed5800000,0x0000009ed5900000)]
  0x0000027b819d6800 JavaThread "jar transforms Thread 7" [_thread_in_native, id=17556, stack(0x0000009ed5900000,0x0000009ed5a00000)]
  0x0000027b819d3800 JavaThread "jar transforms Thread 8" [_thread_in_native, id=31484, stack(0x0000009ed5a00000,0x0000009ed5b00000)]
  0x0000027b819d6000 JavaThread "jar transforms Thread 9" [_thread_in_native, id=33964, stack(0x0000009ed5b00000,0x0000009ed5c00000)]
  0x0000027b819d1000 JavaThread "jar transforms Thread 10" [_thread_in_Java, id=21068, stack(0x0000009ed5c00000,0x0000009ed5d00000)]
  0x0000027b819d7800 JavaThread "jar transforms Thread 11" [_thread_in_native, id=10376, stack(0x0000009ed5d00000,0x0000009ed5e00000)]
  0x0000027b819d5000 JavaThread "jar transforms Thread 12" [_thread_in_native, id=18456, stack(0x0000009ed5e00000,0x0000009ed5f00000)]
  0x0000027b819d2000 JavaThread "Cache worker for checksums cache (C:\Users\HP\AndroidStudioProjects\WebViewActivity\.gradle\7.3.3\checksums)" [_thread_blocked, id=15236, stack(0x0000009ed6100000,0x0000009ed6200000)]
  0x0000027b819de000 JavaThread "Cache worker for cache directory md-supplier (C:\Users\HP\.gradle\caches\7.3.3\md-supplier)" [_thread_blocked, id=10308, stack(0x0000009ed6200000,0x0000009ed6300000)]
  0x0000027b819d9000 JavaThread "Cache worker for cache directory md-rule (C:\Users\HP\.gradle\caches\7.3.3\md-rule)" [_thread_blocked, id=29208, stack(0x0000009ed6300000,0x0000009ed6400000)]
  0x0000027b819db000 JavaThread "Cache worker for execution history cache (C:\Users\HP\.gradle\caches\7.3.3\executionHistory)" [_thread_blocked, id=32236, stack(0x0000009ed6400000,0x0000009ed6500000)]
  0x0000027b819db800 JavaThread "Cache worker for file content cache (C:\Users\HP\.gradle\caches\7.3.3\fileContent)" [_thread_blocked, id=32384, stack(0x0000009ed6600000,0x0000009ed6700000)]
  0x0000027b85606800 JavaThread "Cache worker for dependencies-accessors (C:\Users\HP\AndroidStudioProjects\WebViewActivity\.gradle\7.3.3\dependencies-accessors)" [_thread_blocked, id=24144, stack(0x0000009ed3a00000,0x0000009ed3b00000)]
  0x0000027b85609800 JavaThread "Cache worker for Build Output Cleanup Cache (C:\Users\HP\AndroidStudioProjects\WebViewActivity\.gradle\buildOutputCleanup)" [_thread_blocked, id=14056, stack(0x0000009ed4200000,0x0000009ed4300000)]
  0x0000027b85608000 JavaThread "Unconstrained build operations" [_thread_blocked, id=8548, stack(0x0000009ed5f00000,0x0000009ed6000000)]
  0x0000027b8560b000 JavaThread "Unconstrained build operations Thread 2" [_thread_blocked, id=10080, stack(0x0000009ed6500000,0x0000009ed6600000)]
  0x0000027b85605800 JavaThread "Unconstrained build operations Thread 3" [_thread_blocked, id=34548, stack(0x0000009ed6800000,0x0000009ed6900000)]
  0x0000027b85610000 JavaThread "Unconstrained build operations Thread 4" [_thread_blocked, id=3548, stack(0x0000009ed6900000,0x0000009ed6a00000)]
  0x0000027b8560f800 JavaThread "Unconstrained build operations Thread 5" [_thread_blocked, id=31596, stack(0x0000009ed6a00000,0x0000009ed6b00000)]
  0x0000027b8560d000 JavaThread "Unconstrained build operations Thread 6" [_thread_blocked, id=17944, stack(0x0000009ed6b00000,0x0000009ed6c00000)]
  0x0000027b8560a800 JavaThread "Unconstrained build operations Thread 7" [_thread_blocked, id=9192, stack(0x0000009ed6c00000,0x0000009ed6d00000)]
  0x0000027b85611000 JavaThread "Unconstrained build operations Thread 8" [_thread_blocked, id=25520, stack(0x0000009ed6d00000,0x0000009ed6e00000)]
  0x0000027b8560e800 JavaThread "Unconstrained build operations Thread 9" [_thread_blocked, id=9096, stack(0x0000009ed6e00000,0x0000009ed6f00000)]
  0x0000027b8560d800 JavaThread "Unconstrained build operations Thread 10" [_thread_blocked, id=22176, stack(0x0000009ed6f00000,0x0000009ed7000000)]
  0x0000027b85611800 JavaThread "Unconstrained build operations Thread 11" [_thread_blocked, id=24536, stack(0x0000009ed7000000,0x0000009ed7100000)]
  0x0000027b8560c000 JavaThread "Unconstrained build operations Thread 12" [_thread_blocked, id=1216, stack(0x0000009ed7100000,0x0000009ed7200000)]
  0x0000027b85612800 JavaThread "Unconstrained build operations Thread 13" [_thread_blocked, id=24764, stack(0x0000009ed7200000,0x0000009ed7300000)]
  0x0000027b85613800 JavaThread "Unconstrained build operations Thread 14" [_thread_blocked, id=23528, stack(0x0000009ed7300000,0x0000009ed7400000)]
  0x0000027b85614000 JavaThread "Unconstrained build operations Thread 15" [_thread_blocked, id=5568, stack(0x0000009ed7400000,0x0000009ed7500000)]
  0x0000027b81a0f000 JavaThread "Unconstrained build operations Thread 16" [_thread_blocked, id=30872, stack(0x0000009ed7500000,0x0000009ed7600000)]
  0x0000027b81a10000 JavaThread "Unconstrained build operations Thread 17" [_thread_blocked, id=16008, stack(0x0000009ed7600000,0x0000009ed7700000)]
  0x0000027b81a11000 JavaThread "Unconstrained build operations Thread 18" [_thread_blocked, id=31644, stack(0x0000009ed7700000,0x0000009ed7800000)]
  0x0000027b81a11800 JavaThread "Unconstrained build operations Thread 19" [_thread_blocked, id=33656, stack(0x0000009ed7800000,0x0000009ed7900000)]
  0x0000027b81a14000 JavaThread "Unconstrained build operations Thread 20" [_thread_blocked, id=25936, stack(0x0000009ed7900000,0x0000009ed7a00000)]
  0x0000027b81a0e800 JavaThread "Unconstrained build operations Thread 21" [_thread_blocked, id=31680, stack(0x0000009ed7a00000,0x0000009ed7b00000)]
  0x0000027b81a12800 JavaThread "Unconstrained build operations Thread 22" [_thread_blocked, id=30440, stack(0x0000009ed7b00000,0x0000009ed7c00000)]
  0x0000027b81a15000 JavaThread "Unconstrained build operations Thread 23" [_thread_blocked, id=28584, stack(0x0000009ed7c00000,0x0000009ed7d00000)]
  0x0000027b81a18000 JavaThread "Unconstrained build operations Thread 24" [_thread_blocked, id=20560, stack(0x0000009ed7d00000,0x0000009ed7e00000)]
  0x0000027b81a16000 JavaThread "Unconstrained build operations Thread 25" [_thread_blocked, id=19288, stack(0x0000009ed7e00000,0x0000009ed7f00000)]
  0x0000027b81a19000 JavaThread "Unconstrained build operations Thread 26" [_thread_blocked, id=9004, stack(0x0000009ed7f00000,0x0000009ed8000000)]
  0x0000027b81a13800 JavaThread "Unconstrained build operations Thread 27" [_thread_blocked, id=19192, stack(0x0000009ed8000000,0x0000009ed8100000)]
  0x0000027b81a1a000 JavaThread "Unconstrained build operations Thread 28" [_thread_blocked, id=31076, stack(0x0000009ed8100000,0x0000009ed8200000)]
  0x0000027b81a1a800 JavaThread "Unconstrained build operations Thread 29" [_thread_blocked, id=24068, stack(0x0000009ed8200000,0x0000009ed8300000)]
  0x0000027b81a1c800 JavaThread "Unconstrained build operations Thread 30" [_thread_blocked, id=2052, stack(0x0000009ed8300000,0x0000009ed8400000)]
  0x0000027b81a1b800 JavaThread "Unconstrained build operations Thread 31" [_thread_blocked, id=32664, stack(0x0000009ed8400000,0x0000009ed8500000)]
  0x0000027b81a16800 JavaThread "Unconstrained build operations Thread 32" [_thread_blocked, id=29760, stack(0x0000009ed8500000,0x0000009ed8600000)]
  0x0000027b81a1d000 JavaThread "Unconstrained build operations Thread 33" [_thread_blocked, id=30660, stack(0x0000009ed8600000,0x0000009ed8700000)]
  0x0000027b81a17800 JavaThread "Unconstrained build operations Thread 34" [_thread_blocked, id=7276, stack(0x0000009ed8700000,0x0000009ed8800000)]
  0x0000027b8368c800 JavaThread "Unconstrained build operations Thread 35" [_thread_blocked, id=29620, stack(0x0000009ed8800000,0x0000009ed8900000)]
  0x0000027b83690000 JavaThread "Unconstrained build operations Thread 36" [_thread_blocked, id=26152, stack(0x0000009ed8900000,0x0000009ed8a00000)]
  0x0000027b8368b000 JavaThread "Unconstrained build operations Thread 37" [_thread_blocked, id=21460, stack(0x0000009ed8a00000,0x0000009ed8b00000)]
  0x0000027b8368e000 JavaThread "Unconstrained build operations Thread 38" [_thread_blocked, id=33208, stack(0x0000009ed8b00000,0x0000009ed8c00000)]
  0x0000027b8368a000 JavaThread "Unconstrained build operations Thread 39" [_thread_blocked, id=30728, stack(0x0000009ed8c00000,0x0000009ed8d00000)]
  0x0000027b8368d800 JavaThread "Unconstrained build operations Thread 40" [_thread_blocked, id=29932, stack(0x0000009ed8d00000,0x0000009ed8e00000)]
  0x0000027b83690800 JavaThread "Unconstrained build operations Thread 41" [_thread_blocked, id=22844, stack(0x0000009ed8e00000,0x0000009ed8f00000)]
  0x0000027b83691800 JavaThread "Unconstrained build operations Thread 42" [_thread_blocked, id=32804, stack(0x0000009ed8f00000,0x0000009ed9000000)]
  0x0000027b8368c000 JavaThread "Unconstrained build operations Thread 43" [_thread_blocked, id=6244, stack(0x0000009ed9000000,0x0000009ed9100000)]
  0x0000027b83692800 JavaThread "Unconstrained build operations Thread 44" [_thread_blocked, id=9628, stack(0x0000009ed9100000,0x0000009ed9200000)]
  0x0000027b8368f000 JavaThread "Unconstrained build operations Thread 45" [_thread_blocked, id=34388, stack(0x0000009ed9200000,0x0000009ed9300000)]
  0x0000027b83694800 JavaThread "Unconstrained build operations Thread 46" [_thread_blocked, id=20160, stack(0x0000009ed9300000,0x0000009ed9400000)]
  0x0000027b83696800 JavaThread "Unconstrained build operations Thread 47" [_thread_blocked, id=32416, stack(0x0000009ed9400000,0x0000009ed9500000)]
  0x0000027b83695800 JavaThread "Unconstrained build operations Thread 48" [_thread_blocked, id=7632, stack(0x0000009ed9600000,0x0000009ed9700000)]
  0x0000027b83698000 JavaThread "Unconstrained build operations Thread 49" [_thread_blocked, id=2884, stack(0x0000009ed9700000,0x0000009ed9800000)]
  0x0000027b83699000 JavaThread "Unconstrained build operations Thread 50" [_thread_blocked, id=30096, stack(0x0000009ed9800000,0x0000009ed9900000)]
  0x0000027b83693000 JavaThread "Unconstrained build operations Thread 51" [_thread_blocked, id=32652, stack(0x0000009ed9900000,0x0000009ed9a00000)]
  0x0000027b83697000 JavaThread "Unconstrained build operations Thread 52" [_thread_blocked, id=34132, stack(0x0000009ed9a00000,0x0000009ed9b00000)]
  0x0000027b85484000 JavaThread "Unconstrained build operations Thread 53" [_thread_blocked, id=11112, stack(0x0000009ed9b00000,0x0000009ed9c00000)]
  0x0000027b85486800 JavaThread "Unconstrained build operations Thread 54" [_thread_blocked, id=32952, stack(0x0000009ed9c00000,0x0000009ed9d00000)]
  0x0000027b85488000 JavaThread "Unconstrained build operations Thread 55" [_thread_blocked, id=15784, stack(0x0000009ed9d00000,0x0000009ed9e00000)]
  0x0000027b85487000 JavaThread "Unconstrained build operations Thread 56" [_thread_blocked, id=31736, stack(0x0000009ed9e00000,0x0000009ed9f00000)]
  0x0000027b85485800 JavaThread "Unconstrained build operations Thread 57" [_thread_blocked, id=29644, stack(0x0000009ed9f00000,0x0000009eda000000)]
  0x0000027b85489000 JavaThread "Unconstrained build operations Thread 58" [_thread_blocked, id=12600, stack(0x0000009eda000000,0x0000009eda100000)]
  0x0000027b85484800 JavaThread "Unconstrained build operations Thread 59" [_thread_blocked, id=29724, stack(0x0000009eda100000,0x0000009eda200000)]
  0x0000027b85483000 JavaThread "Unconstrained build operations Thread 60" [_thread_blocked, id=22932, stack(0x0000009ed9500000,0x0000009ed9600000)]
  0x0000027b85489800 JavaThread "Unconstrained build operations Thread 61" [_thread_blocked, id=33844, stack(0x0000009eda200000,0x0000009eda300000)]
  0x0000027b83694000 JavaThread "Unconstrained build operations Thread 62" [_thread_blocked, id=33416, stack(0x0000009eda300000,0x0000009eda400000)]
  0x0000027b819dd000 JavaThread "Unconstrained build operations Thread 63" [_thread_blocked, id=30260, stack(0x0000009eda500000,0x0000009eda600000)]
  0x0000027b850cc800 JavaThread "Unconstrained build operations Thread 64" [_thread_blocked, id=10112, stack(0x0000009eda600000,0x0000009eda700000)]
  0x0000027b850cb000 JavaThread "Unconstrained build operations Thread 65" [_thread_blocked, id=8288, stack(0x0000009eda700000,0x0000009eda800000)]
  0x0000027b850c9000 JavaThread "Unconstrained build operations Thread 66" [_thread_blocked, id=2584, stack(0x0000009eda800000,0x0000009eda900000)]
  0x0000027b850c6800 JavaThread "Unconstrained build operations Thread 67" [_thread_blocked, id=29640, stack(0x0000009eda900000,0x0000009edaa00000)]
  0x0000027b850c8800 JavaThread "Unconstrained build operations Thread 68" [_thread_blocked, id=12752, stack(0x0000009edaa00000,0x0000009edab00000)]
  0x0000027b850ca000 JavaThread "Unconstrained build operations Thread 69" [_thread_blocked, id=31512, stack(0x0000009edab00000,0x0000009edac00000)]
  0x0000027b850cd800 JavaThread "Unconstrained build operations Thread 70" [_thread_blocked, id=13036, stack(0x0000009edac00000,0x0000009edad00000)]
  0x0000027b850c7800 JavaThread "Unconstrained build operations Thread 71" [_thread_blocked, id=13980, stack(0x0000009edad00000,0x0000009edae00000)]
  0x0000027b850cf000 JavaThread "Unconstrained build operations Thread 72" [_thread_blocked, id=16688, stack(0x0000009edae00000,0x0000009edaf00000)]
  0x0000027b850ce000 JavaThread "Unconstrained build operations Thread 73" [_thread_blocked, id=31860, stack(0x0000009edaf00000,0x0000009edb000000)]
  0x0000027b850cf800 JavaThread "Unconstrained build operations Thread 74" [_thread_blocked, id=29732, stack(0x0000009edb000000,0x0000009edb100000)]
  0x0000027b850d0800 JavaThread "Unconstrained build operations Thread 75" [_thread_blocked, id=32392, stack(0x0000009edb100000,0x0000009edb200000)]
  0x0000027b850cb800 JavaThread "Unconstrained build operations Thread 76" [_thread_blocked, id=19052, stack(0x0000009edb200000,0x0000009edb300000)]
  0x0000027b850d1800 JavaThread "Unconstrained build operations Thread 77" [_thread_blocked, id=10276, stack(0x0000009edb300000,0x0000009edb400000)]
  0x0000027b850d2000 JavaThread "Unconstrained build operations Thread 78" [_thread_blocked, id=22472, stack(0x0000009edb400000,0x0000009edb500000)]
  0x0000027b850d4000 JavaThread "Unconstrained build operations Thread 79" [_thread_blocked, id=18192, stack(0x0000009edb500000,0x0000009edb600000)]
  0x0000027b850d3000 JavaThread "Unconstrained build operations Thread 80" [_thread_blocked, id=34576, stack(0x0000009edb600000,0x0000009edb700000)]
  0x0000027b850d4800 JavaThread "Unconstrained build operations Thread 81" [_thread_blocked, id=24908, stack(0x0000009edb700000,0x0000009edb800000)]
  0x0000027b850d5800 JavaThread "Unconstrained build operations Thread 82" [_thread_blocked, id=23176, stack(0x0000009edb800000,0x0000009edb900000)]
  0x0000027b8244d000 JavaThread "Unconstrained build operations Thread 83" [_thread_blocked, id=18988, stack(0x0000009edb900000,0x0000009edba00000)]
  0x0000027b8244c000 JavaThread "Unconstrained build operations Thread 84" [_thread_blocked, id=31884, stack(0x0000009edba00000,0x0000009edbb00000)]
  0x0000027b8244f800 JavaThread "Unconstrained build operations Thread 85" [_thread_blocked, id=33100, stack(0x0000009edbb00000,0x0000009edbc00000)]
  0x0000027b82451800 JavaThread "Unconstrained build operations Thread 86" [_thread_blocked, id=26160, stack(0x0000009edbc00000,0x0000009edbd00000)]
  0x0000027b8244e800 JavaThread "Unconstrained build operations Thread 87" [_thread_blocked, id=22952, stack(0x0000009edbd00000,0x0000009edbe00000)]
  0x0000027b8244d800 JavaThread "Unconstrained build operations Thread 88" [_thread_blocked, id=12168, stack(0x0000009edbe00000,0x0000009edbf00000)]
  0x0000027b82454000 JavaThread "Unconstrained build operations Thread 89" [_thread_blocked, id=34788, stack(0x0000009edbf00000,0x0000009edc000000)]
  0x0000027b82455000 JavaThread "Unconstrained build operations Thread 90" [_thread_blocked, id=32916, stack(0x0000009edc000000,0x0000009edc100000)]
  0x0000027b82456000 JavaThread "Unconstrained build operations Thread 91" [_thread_blocked, id=1772, stack(0x0000009edc100000,0x0000009edc200000)]
  0x0000027b82451000 JavaThread "Unconstrained build operations Thread 92" [_thread_blocked, id=32816, stack(0x0000009edc200000,0x0000009edc300000)]
  0x0000027b82452800 JavaThread "Unconstrained build operations Thread 93" [_thread_blocked, id=19080, stack(0x0000009edc300000,0x0000009edc400000)]
  0x0000027b82450000 JavaThread "Unconstrained build operations Thread 94" [_thread_blocked, id=21948, stack(0x0000009edc400000,0x0000009edc500000)]
  0x0000027b82456800 JavaThread "Unconstrained build operations Thread 95" [_thread_blocked, id=9236, stack(0x0000009edc500000,0x0000009edc600000)]
  0x0000027b82457800 JavaThread "Unconstrained build operations Thread 96" [_thread_blocked, id=31892, stack(0x0000009edc600000,0x0000009edc700000)]
  0x0000027b82458800 JavaThread "Unconstrained build operations Thread 97" [_thread_blocked, id=33052, stack(0x0000009edc700000,0x0000009edc800000)]
  0x0000027b82459000 JavaThread "Unconstrained build operations Thread 98" [_thread_blocked, id=26776, stack(0x0000009edc800000,0x0000009edc900000)]
  0x0000027b82453800 JavaThread "Unconstrained build operations Thread 99" [_thread_blocked, id=9220, stack(0x0000009edc900000,0x0000009edca00000)]
  0x0000027b8245a000 JavaThread "Unconstrained build operations Thread 100" [_thread_blocked, id=34720, stack(0x0000009edca00000,0x0000009edcb00000)]
  0x0000027b8245a800 JavaThread "Unconstrained build operations Thread 101" [_thread_blocked, id=29616, stack(0x0000009edcb00000,0x0000009edcc00000)]
  0x0000027b828df000 JavaThread "Unconstrained build operations Thread 102" [_thread_blocked, id=30048, stack(0x0000009edcc00000,0x0000009edcd00000)]
  0x0000027b828e2800 JavaThread "Unconstrained build operations Thread 103" [_thread_blocked, id=1700, stack(0x0000009edcd00000,0x0000009edce00000)]
  0x0000027b828e1800 JavaThread "Unconstrained build operations Thread 104" [_thread_blocked, id=9580, stack(0x0000009edce00000,0x0000009edcf00000)]
  0x0000027b828e4000 JavaThread "Unconstrained build operations Thread 105" [_thread_blocked, id=34564, stack(0x0000009edcf00000,0x0000009edd000000)]
  0x0000027b828e5000 JavaThread "Unconstrained build operations Thread 106" [_thread_blocked, id=31580, stack(0x0000009edd000000,0x0000009edd100000)]
  0x0000027b828e1000 JavaThread "Unconstrained build operations Thread 107" [_thread_blocked, id=30548, stack(0x0000009edd100000,0x0000009edd200000)]
  0x0000027b828e6000 JavaThread "Unconstrained build operations Thread 108" [_thread_blocked, id=33508, stack(0x0000009edd200000,0x0000009edd300000)]
  0x0000027b828e3800 JavaThread "Unconstrained build operations Thread 109" [_thread_blocked, id=31328, stack(0x0000009edd300000,0x0000009edd400000)]
  0x0000027b828e0000 JavaThread "Unconstrained build operations Thread 110" [_thread_blocked, id=25232, stack(0x0000009edd400000,0x0000009edd500000)]
  0x0000027b82350800 JavaThread "Unconstrained build operations Thread 111" [_thread_blocked, id=7760, stack(0x0000009edd500000,0x0000009edd600000)]
  0x0000027b82354800 JavaThread "Unconstrained build operations Thread 112" [_thread_blocked, id=30336, stack(0x0000009edd600000,0x0000009edd700000)]
  0x0000027b82352000 JavaThread "Unconstrained build operations Thread 113" [_thread_blocked, id=34668, stack(0x0000009edd700000,0x0000009edd800000)]
  0x0000027b82357000 JavaThread "Unconstrained build operations Thread 114" [_thread_blocked, id=13692, stack(0x0000009edd800000,0x0000009edd900000)]
  0x0000027b82353000 JavaThread "Unconstrained build operations Thread 115" [_thread_blocked, id=25964, stack(0x0000009edd900000,0x0000009edda00000)]
  0x0000027b82354000 JavaThread "Unconstrained build operations Thread 116" [_thread_blocked, id=34328, stack(0x0000009edda00000,0x0000009eddb00000)]
  0x0000027b82351800 JavaThread "Unconstrained build operations Thread 117" [_thread_blocked, id=30088, stack(0x0000009eddc00000,0x0000009eddd00000)]
  0x0000027b82356800 JavaThread "Unconstrained build operations Thread 118" [_thread_blocked, id=12044, stack(0x0000009eddd00000,0x0000009edde00000)]
  0x0000027b82358000 JavaThread "Unconstrained build operations Thread 119" [_thread_blocked, id=21928, stack(0x0000009eddb00000,0x0000009eddc00000)]
  0x0000027b82359000 JavaThread "Unconstrained build operations Thread 120" [_thread_blocked, id=11484, stack(0x0000009edde00000,0x0000009eddf00000)]

Other Threads:
  0x0000027bff6f5000 VMThread "VM Thread" [stack: 0x0000009ed2f00000,0x0000009ed3000000] [id=18900]
  0x0000027bff8cf800 WatcherThread [stack: 0x0000009ed3900000,0x0000009ed3a00000] [id=30432]
  0x0000027be4607800 GCTaskThread "GC Thread#0" [stack: 0x0000009ed2a00000,0x0000009ed2b00000] [id=34528]
  0x0000027b8029c800 GCTaskThread "GC Thread#1" [stack: 0x0000009ed2600000,0x0000009ed2700000] [id=32552]
  0x0000027b80e60000 GCTaskThread "GC Thread#2" [stack: 0x0000009ed4400000,0x0000009ed4500000] [id=34136]
  0x0000027b82ba8800 GCTaskThread "GC Thread#3" [stack: 0x0000009ed4500000,0x0000009ed4600000] [id=23580]
  0x0000027b82b78000 GCTaskThread "GC Thread#4" [stack: 0x0000009ed4600000,0x0000009ed4700000] [id=23832]
  0x0000027b82b79000 GCTaskThread "GC Thread#5" [stack: 0x0000009ed4700000,0x0000009ed4800000] [id=33608]
  0x0000027b81ee3000 GCTaskThread "GC Thread#6" [stack: 0x0000009ed4800000,0x0000009ed4900000] [id=24848]
  0x0000027b81ee2800 GCTaskThread "GC Thread#7" [stack: 0x0000009ed4900000,0x0000009ed4a00000] [id=13536]
  0x0000027b81ee4000 GCTaskThread "GC Thread#8" [stack: 0x0000009ed4a00000,0x0000009ed4b00000] [id=31200]
  0x0000027b81ee1000 GCTaskThread "GC Thread#9" [stack: 0x0000009ed4b00000,0x0000009ed4c00000] [id=33544]
  0x0000027be4637800 ConcurrentGCThread "G1 Main Marker" [stack: 0x0000009ed2b00000,0x0000009ed2c00000] [id=13020]
  0x0000027be4639000 ConcurrentGCThread "G1 Conc#0" [stack: 0x0000009ed2c00000,0x0000009ed2d00000] [id=34780]
  0x0000027b81edf800 ConcurrentGCThread "G1 Conc#1" [stack: 0x0000009ed4d00000,0x0000009ed4e00000] [id=33340]
  0x0000027b81ee2000 ConcurrentGCThread "G1 Conc#2" [stack: 0x0000009ed4e00000,0x0000009ed4f00000] [id=32864]
  0x0000027bfed2f800 ConcurrentGCThread "G1 Refine#0" [stack: 0x0000009ed2d00000,0x0000009ed2e00000] [id=34460]
  0x0000027bfed30800 ConcurrentGCThread "G1 Young RemSet Sampling" [stack: 0x0000009ed2e00000,0x0000009ed2f00000] [id=26628]

Threads with active compile tasks:
C2 CompilerThread0 412400 12180       4       org.objectweb.asm.ClassReader::readMethod (1061 bytes)
C1 CompilerThread0 412400 12195       3       org.objectweb.asm.ClassReader::readCode (5109 bytes)

VM state:not at safepoint (normal execution)

VM Mutex/Monitor currently owned by a thread: None

Heap address: 0x0000000080000000, size: 2048 MB, Compressed Oops mode: 32-bit
Narrow klass base: 0x0000000000000000, Narrow klass shift: 3
Compressed class space size: 1073741824 Address: 0x0000000100000000

Heap:
 garbage-first heap   total 183296K, used 95742K [0x0000000080000000, 0x0000000100000000)
  region size 1024K, 15 young (15360K), 2 survivors (2048K)
 Metaspace       used 68768K, capacity 70504K, committed 70528K, reserved 1110016K
  class space    used 8471K, capacity 9067K, committed 9088K, reserved 1048576K
Heap Regions: E=young(eden), S=young(survivor), O=old, HS=humongous(starts), HC=humongous(continues), CS=collection set, F=free, A=archive, TAMS=top-at-mark-start (previous, next)
|   0|0x0000000080000000, 0x0000000080100000, 0x0000000080100000|100%| O|  |TAMS 0x0000000080100000, 0x0000000080000000| Untracked 
|   1|0x0000000080100000, 0x0000000080200000, 0x0000000080200000|100%| O|  |TAMS 0x0000000080200000, 0x0000000080100000| Untracked 
|   2|0x0000000080200000, 0x0000000080300000, 0x0000000080300000|100%| O|  |TAMS 0x0000000080300000, 0x0000000080200000| Untracked 
|   3|0x0000000080300000, 0x0000000080400000, 0x0000000080400000|100%|HS|  |TAMS 0x0000000080400000, 0x0000000080300000| Complete 
|   4|0x0000000080400000, 0x0000000080500000, 0x0000000080500000|100%|HC|  |TAMS 0x0000000080500000, 0x0000000080400000| Complete 
|   5|0x0000000080500000, 0x0000000080600000, 0x0000000080600000|100%|HC|  |TAMS 0x0000000080600000, 0x0000000080500000| Complete 
|   6|0x0000000080600000, 0x0000000080700000, 0x0000000080700000|100%| O|  |TAMS 0x0000000080700000, 0x0000000080600000| Untracked 
|   7|0x0000000080700000, 0x0000000080800000, 0x0000000080800000|100%| O|  |TAMS 0x0000000080800000, 0x0000000080700000| Untracked 
|   8|0x0000000080800000, 0x0000000080900000, 0x0000000080900000|100%| O|  |TAMS 0x0000000080900000, 0x0000000080800000| Untracked 
|   9|0x0000000080900000, 0x0000000080a00000, 0x0000000080a00000|100%| O|  |TAMS 0x0000000080a00000, 0x0000000080900000| Untracked 
|  10|0x0000000080a00000, 0x0000000080b00000, 0x0000000080b00000|100%| O|  |TAMS 0x0000000080b00000, 0x0000000080a00000| Untracked 
|  11|0x0000000080b00000, 0x0000000080c00000, 0x0000000080c00000|100%| O|  |TAMS 0x0000000080c00000, 0x0000000080b00000| Untracked 
|  12|0x0000000080c00000, 0x0000000080d00000, 0x0000000080d00000|100%| O|  |TAMS 0x0000000080d00000, 0x0000000080c00000| Untracked 
|  13|0x0000000080d00000, 0x0000000080e00000, 0x0000000080e00000|100%| O|  |TAMS 0x0000000080e00000, 0x0000000080d00000| Untracked 
|  14|0x0000000080e00000, 0x0000000080f00000, 0x0000000080f00000|100%| O|  |TAMS 0x0000000080f00000, 0x0000000080e00000| Untracked 
|  15|0x0000000080f00000, 0x0000000081000000, 0x0000000081000000|100%| O|  |TAMS 0x0000000081000000, 0x0000000080f00000| Untracked 
|  16|0x0000000081000000, 0x0000000081100000, 0x0000000081100000|100%|HS|  |TAMS 0x0000000081100000, 0x0000000081000000| Complete 
|  17|0x0000000081100000, 0x0000000081200000, 0x0000000081200000|100%|HC|  |TAMS 0x0000000081200000, 0x0000000081100000| Complete 
|  18|0x0000000081200000, 0x0000000081300000, 0x0000000081300000|100%|HS|  |TAMS 0x0000000081300000, 0x0000000081200000| Complete 
|  19|0x0000000081300000, 0x0000000081400000, 0x0000000081400000|100%|HC|  |TAMS 0x0000000081400000, 0x0000000081300000| Complete 
|  20|0x0000000081400000, 0x0000000081500000, 0x0000000081500000|100%|HC|  |TAMS 0x0000000081500000, 0x0000000081400000| Complete 
|  21|0x0000000081500000, 0x0000000081600000, 0x0000000081600000|100%|HS|  |TAMS 0x0000000081600000, 0x0000000081500000| Complete 
|  22|0x0000000081600000, 0x0000000081700000, 0x0000000081700000|100%|HS|  |TAMS 0x0000000081700000, 0x0000000081600000| Complete 
|  23|0x0000000081700000, 0x0000000081800000, 0x0000000081800000|100%|HC|  |TAMS 0x0000000081800000, 0x0000000081700000| Complete 
|  24|0x0000000081800000, 0x0000000081900000, 0x0000000081900000|100%|HC|  |TAMS 0x0000000081900000, 0x0000000081800000| Complete 
|  25|0x0000000081900000, 0x0000000081a00000, 0x0000000081a00000|100%|HC|  |TAMS 0x0000000081a00000, 0x0000000081900000| Complete 
|  26|0x0000000081a00000, 0x0000000081b00000, 0x0000000081b00000|100%| O|  |TAMS 0x0000000081b00000, 0x0000000081a00000| Untracked 
|  27|0x0000000081b00000, 0x0000000081c00000, 0x0000000081c00000|100%| O|  |TAMS 0x0000000081c00000, 0x0000000081b00000| Untracked 
|  28|0x0000000081c00000, 0x0000000081d00000, 0x0000000081d00000|100%| O|  |TAMS 0x0000000081d00000, 0x0000000081c00000| Untracked 
|  29|0x0000000081d00000, 0x0000000081e00000, 0x0000000081e00000|100%| O|  |TAMS 0x0000000081e00000, 0x0000000081d00000| Untracked 
|  30|0x0000000081e00000, 0x0000000081f00000, 0x0000000081f00000|100%| O|  |TAMS 0x0000000081f00000, 0x0000000081e00000| Untracked 
|  31|0x0000000081f00000, 0x0000000082000000, 0x0000000082000000|100%| O|  |TAMS 0x0000000082000000, 0x0000000081f00000| Untracked 
|  32|0x0000000082000000, 0x0000000082100000, 0x0000000082100000|100%| O|  |TAMS 0x0000000082100000, 0x0000000082000000| Untracked 
|  33|0x0000000082100000, 0x0000000082200000, 0x0000000082200000|100%| O|  |TAMS 0x0000000082200000, 0x0000000082100000| Untracked 
|  34|0x0000000082200000, 0x0000000082300000, 0x0000000082300000|100%| O|  |TAMS 0x0000000082300000, 0x0000000082200000| Untracked 
|  35|0x0000000082300000, 0x0000000082400000, 0x0000000082400000|100%| O|  |TAMS 0x0000000082400000, 0x0000000082300000| Untracked 
|  36|0x0000000082400000, 0x0000000082500000, 0x0000000082500000|100%| O|  |TAMS 0x0000000082500000, 0x0000000082400000| Untracked 
|  37|0x0000000082500000, 0x0000000082600000, 0x0000000082600000|100%| O|  |TAMS 0x0000000082600000, 0x0000000082500000| Untracked 
|  38|0x0000000082600000, 0x0000000082700000, 0x0000000082700000|100%| O|  |TAMS 0x0000000082700000, 0x0000000082600000| Untracked 
|  39|0x0000000082700000, 0x0000000082800000, 0x0000000082800000|100%| O|  |TAMS 0x0000000082800000, 0x0000000082700000| Untracked 
|  40|0x0000000082800000, 0x0000000082900000, 0x0000000082900000|100%| O|  |TAMS 0x0000000082900000, 0x0000000082800000| Untracked 
|  41|0x0000000082900000, 0x0000000082a00000, 0x0000000082a00000|100%| O|  |TAMS 0x0000000082a00000, 0x0000000082900000| Untracked 
|  42|0x0000000082a00000, 0x0000000082b00000, 0x0000000082b00000|100%| O|  |TAMS 0x0000000082b00000, 0x0000000082a00000| Untracked 
|  43|0x0000000082b00000, 0x0000000082c00000, 0x0000000082c00000|100%| O|  |TAMS 0x0000000082c00000, 0x0000000082b00000| Untracked 
|  44|0x0000000082c00000, 0x0000000082d00000, 0x0000000082d00000|100%| O|  |TAMS 0x0000000082d00000, 0x0000000082c00000| Untracked 
|  45|0x0000000082d00000, 0x0000000082e00000, 0x0000000082e00000|100%| O|  |TAMS 0x0000000082e00000, 0x0000000082d00000| Untracked 
|  46|0x0000000082e00000, 0x0000000082f00000, 0x0000000082f00000|100%| O|  |TAMS 0x0000000082ed0200, 0x0000000082e00000| Untracked 
|  47|0x0000000082f00000, 0x0000000083000000, 0x0000000083000000|100%| O|  |TAMS 0x0000000083000000, 0x0000000082f00000| Untracked 
|  48|0x0000000083000000, 0x0000000083100000, 0x0000000083100000|100%| O|  |TAMS 0x0000000083000000, 0x0000000083000000| Untracked 
|  49|0x0000000083100000, 0x0000000083200000, 0x0000000083200000|100%| O|  |TAMS 0x0000000083200000, 0x0000000083100000| Untracked 
|  50|0x0000000083200000, 0x0000000083300000, 0x0000000083300000|100%| O|  |TAMS 0x0000000083300000, 0x0000000083200000| Untracked 
|  51|0x0000000083300000, 0x0000000083400000, 0x0000000083400000|100%| O|  |TAMS 0x0000000083400000, 0x0000000083300000| Untracked 
|  52|0x0000000083400000, 0x0000000083500000, 0x0000000083500000|100%| O|  |TAMS 0x0000000083500000, 0x0000000083400000| Untracked 
|  53|0x0000000083500000, 0x0000000083600000, 0x0000000083600000|100%| O|  |TAMS 0x0000000083500000, 0x0000000083500000| Untracked 
|  54|0x0000000083600000, 0x0000000083700000, 0x0000000083700000|100%|HS|  |TAMS 0x0000000083600000, 0x0000000083600000| Complete 
|  55|0x0000000083700000, 0x0000000083800000, 0x0000000083800000|100%| O|  |TAMS 0x0000000083800000, 0x0000000083700000| Untracked 
|  56|0x0000000083800000, 0x0000000083900000, 0x0000000083900000|100%|HS|  |TAMS 0x0000000083900000, 0x0000000083800000| Complete 
|  57|0x0000000083900000, 0x0000000083a00000, 0x0000000083a00000|100%|HC|  |TAMS 0x0000000083a00000, 0x0000000083900000| Complete 
|  58|0x0000000083a00000, 0x0000000083b00000, 0x0000000083b00000|100%|HC|  |TAMS 0x0000000083b00000, 0x0000000083a00000| Complete 
|  59|0x0000000083b00000, 0x0000000083c00000, 0x0000000083c00000|100%|HC|  |TAMS 0x0000000083c00000, 0x0000000083b00000| Complete 
|  60|0x0000000083c00000, 0x0000000083d00000, 0x0000000083d00000|100%|HS|  |TAMS 0x0000000083c00000, 0x0000000083c00000| Complete 
|  61|0x0000000083d00000, 0x0000000083e00000, 0x0000000083e00000|100%|HC|  |TAMS 0x0000000083d00000, 0x0000000083d00000| Complete 
|  62|0x0000000083e00000, 0x0000000083f00000, 0x0000000083f00000|100%|HC|  |TAMS 0x0000000083e00000, 0x0000000083e00000| Complete 
|  63|0x0000000083f00000, 0x0000000084000000, 0x0000000084000000|100%| O|  |TAMS 0x0000000083f00000, 0x0000000083f00000| Untracked 
|  64|0x0000000084000000, 0x0000000084100000, 0x0000000084100000|100%| O|  |TAMS 0x0000000084000000, 0x0000000084000000| Untracked 
|  65|0x0000000084100000, 0x0000000084200000, 0x0000000084200000|100%| O|  |TAMS 0x0000000084100000, 0x0000000084100000| Untracked 
|  66|0x0000000084200000, 0x0000000084300000, 0x0000000084300000|100%| O|  |TAMS 0x0000000084200000, 0x0000000084200000| Untracked 
|  67|0x0000000084300000, 0x0000000084400000, 0x0000000084400000|100%| O|  |TAMS 0x0000000084300000, 0x0000000084300000| Untracked 
|  68|0x0000000084400000, 0x0000000084500000, 0x0000000084500000|100%| O|  |TAMS 0x0000000084400000, 0x0000000084400000| Untracked 
|  69|0x0000000084500000, 0x0000000084600000, 0x0000000084600000|100%| O|  |TAMS 0x0000000084500000, 0x0000000084500000| Untracked 
|  70|0x0000000084600000, 0x0000000084700000, 0x0000000084700000|100%| O|  |TAMS 0x0000000084600000, 0x0000000084600000| Untracked 
|  71|0x0000000084700000, 0x0000000084800000, 0x0000000084800000|100%| O|  |TAMS 0x0000000084700000, 0x0000000084700000| Untracked 
|  72|0x0000000084800000, 0x0000000084900000, 0x0000000084900000|100%| O|  |TAMS 0x0000000084800000, 0x0000000084800000| Untracked 
|  73|0x0000000084900000, 0x0000000084a00000, 0x0000000084a00000|100%| O|  |TAMS 0x0000000084900000, 0x0000000084900000| Untracked 
|  74|0x0000000084a00000, 0x0000000084b00000, 0x0000000084b00000|100%| O|  |TAMS 0x0000000084a00000, 0x0000000084a00000| Untracked 
|  75|0x0000000084b00000, 0x0000000084c00000, 0x0000000084c00000|100%| O|  |TAMS 0x0000000084b00000, 0x0000000084b00000| Untracked 
|  76|0x0000000084c00000, 0x0000000084c00000, 0x0000000084d00000|  0%| F|  |TAMS 0x0000000084c00000, 0x0000000084c00000| Untracked 
|  77|0x0000000084d00000, 0x0000000084e00000, 0x0000000084e00000|100%| O|  |TAMS 0x0000000084d00000, 0x0000000084d00000| Untracked 
|  78|0x0000000084e00000, 0x0000000084f00000, 0x0000000084f00000|100%| O|  |TAMS 0x0000000084e00000, 0x0000000084e00000| Untracked 
|  79|0x0000000084f00000, 0x0000000085000000, 0x0000000085000000|100%| O|  |TAMS 0x0000000084f00000, 0x0000000084f00000| Untracked 
|  80|0x0000000085000000, 0x0000000085000000, 0x0000000085100000|  0%| F|  |TAMS 0x0000000085000000, 0x0000000085000000| Untracked 
|  81|0x0000000085100000, 0x0000000085200000, 0x0000000085200000|100%| O|  |TAMS 0x0000000085100000, 0x0000000085100000| Untracked 
|  82|0x0000000085200000, 0x0000000085249400, 0x0000000085300000| 28%| O|  |TAMS 0x0000000085200000, 0x0000000085200000| Untracked 
|  83|0x0000000085300000, 0x0000000085300000, 0x0000000085400000|  0%| F|  |TAMS 0x0000000085300000, 0x0000000085300000| Untracked 
|  84|0x0000000085400000, 0x0000000085400000, 0x0000000085500000|  0%| F|  |TAMS 0x0000000085400000, 0x0000000085400000| Untracked 
|  85|0x0000000085500000, 0x0000000085500000, 0x0000000085600000|  0%| F|  |TAMS 0x0000000085500000, 0x0000000085500000| Untracked 
|  86|0x0000000085600000, 0x0000000085600000, 0x0000000085700000|  0%| F|  |TAMS 0x0000000085600000, 0x0000000085600000| Untracked 
|  87|0x0000000085700000, 0x0000000085700000, 0x0000000085800000|  0%| F|  |TAMS 0x0000000085700000, 0x0000000085700000| Untracked 
|  88|0x0000000085800000, 0x0000000085800000, 0x0000000085900000|  0%| F|  |TAMS 0x0000000085800000, 0x0000000085800000| Untracked 
|  89|0x0000000085900000, 0x0000000085900000, 0x0000000085a00000|  0%| F|  |TAMS 0x0000000085900000, 0x0000000085900000| Untracked 
|  90|0x0000000085a00000, 0x0000000085a00000, 0x0000000085b00000|  0%| F|  |TAMS 0x0000000085a00000, 0x0000000085a00000| Untracked 
|  91|0x0000000085b00000, 0x0000000085b00000, 0x0000000085c00000|  0%| F|  |TAMS 0x0000000085b00000, 0x0000000085b00000| Untracked 
|  92|0x0000000085c00000, 0x0000000085c00000, 0x0000000085d00000|  0%| F|  |TAMS 0x0000000085c00000, 0x0000000085c00000| Untracked 
|  93|0x0000000085d00000, 0x0000000085d00000, 0x0000000085e00000|  0%| F|  |TAMS 0x0000000085d00000, 0x0000000085d00000| Untracked 
|  94|0x0000000085e00000, 0x0000000085e00000, 0x0000000085f00000|  0%| F|  |TAMS 0x0000000085e00000, 0x0000000085e00000| Untracked 
|  95|0x0000000085f00000, 0x0000000085f00000, 0x0000000086000000|  0%| F|  |TAMS 0x0000000085f00000, 0x0000000085f00000| Untracked 
|  96|0x0000000086000000, 0x0000000086000000, 0x0000000086100000|  0%| F|  |TAMS 0x0000000086000000, 0x0000000086000000| Untracked 
|  97|0x0000000086100000, 0x0000000086100000, 0x0000000086200000|  0%| F|  |TAMS 0x0000000086100000, 0x0000000086100000| Untracked 
|  98|0x0000000086200000, 0x0000000086200000, 0x0000000086300000|  0%| F|  |TAMS 0x0000000086200000, 0x0000000086200000| Untracked 
|  99|0x0000000086300000, 0x0000000086300000, 0x0000000086400000|  0%| F|  |TAMS 0x0000000086300000, 0x0000000086300000| Untracked 
| 100|0x0000000086400000, 0x0000000086400000, 0x0000000086500000|  0%| F|  |TAMS 0x0000000086400000, 0x0000000086400000| Untracked 
| 101|0x0000000086500000, 0x00000000865365c0, 0x0000000086600000| 21%| S|CS|TAMS 0x0000000086500000, 0x0000000086500000| Complete 
| 102|0x0000000086600000, 0x0000000086600000, 0x0000000086700000|  0%| F|  |TAMS 0x0000000086600000, 0x0000000086600000| Untracked 
| 103|0x0000000086700000, 0x0000000086700000, 0x0000000086800000|  0%| F|  |TAMS 0x0000000086700000, 0x0000000086700000| Untracked 
| 104|0x0000000086800000, 0x0000000086900000, 0x0000000086900000|100%| S|CS|TAMS 0x0000000086800000, 0x0000000086800000| Complete 
| 105|0x0000000086900000, 0x0000000086900000, 0x0000000086a00000|  0%| F|  |TAMS 0x0000000086900000, 0x0000000086900000| Untracked 
| 106|0x0000000086a00000, 0x0000000086a00000, 0x0000000086b00000|  0%| F|  |TAMS 0x0000000086a00000, 0x0000000086a00000| Untracked 
| 107|0x0000000086b00000, 0x0000000086b00000, 0x0000000086c00000|  0%| F|  |TAMS 0x0000000086b00000, 0x0000000086b00000| Untracked 
| 108|0x0000000086c00000, 0x0000000086c00000, 0x0000000086d00000|  0%| F|  |TAMS 0x0000000086c00000, 0x0000000086c00000| Untracked 
| 109|0x0000000086d00000, 0x0000000086d00000, 0x0000000086e00000|  0%| F|  |TAMS 0x0000000086d00000, 0x0000000086d00000| Untracked 
| 110|0x0000000086e00000, 0x0000000086e00000, 0x0000000086f00000|  0%| F|  |TAMS 0x0000000086e00000, 0x0000000086e00000| Untracked 
| 111|0x0000000086f00000, 0x0000000086f00000, 0x0000000087000000|  0%| F|  |TAMS 0x0000000086f00000, 0x0000000086f00000| Untracked 
| 112|0x0000000087000000, 0x0000000087000000, 0x0000000087100000|  0%| F|  |TAMS 0x0000000087000000, 0x0000000087000000| Untracked 
| 113|0x0000000087100000, 0x0000000087100000, 0x0000000087200000|  0%| F|  |TAMS 0x0000000087100000, 0x0000000087100000| Untracked 
| 114|0x0000000087200000, 0x0000000087200000, 0x0000000087300000|  0%| F|  |TAMS 0x0000000087200000, 0x0000000087200000| Untracked 
| 115|0x0000000087300000, 0x0000000087300000, 0x0000000087400000|  0%| F|  |TAMS 0x0000000087300000, 0x0000000087300000| Untracked 
| 116|0x0000000087400000, 0x0000000087400000, 0x0000000087500000|  0%| F|  |TAMS 0x0000000087400000, 0x0000000087400000| Untracked 
| 117|0x0000000087500000, 0x0000000087500000, 0x0000000087600000|  0%| F|  |TAMS 0x0000000087500000, 0x0000000087500000| Untracked 
| 118|0x0000000087600000, 0x0000000087600000, 0x0000000087700000|  0%| F|  |TAMS 0x0000000087600000, 0x0000000087600000| Untracked 
| 119|0x0000000087700000, 0x0000000087700000, 0x0000000087800000|  0%| F|  |TAMS 0x0000000087700000, 0x0000000087700000| Untracked 
| 120|0x0000000087800000, 0x0000000087800000, 0x0000000087900000|  0%| F|  |TAMS 0x0000000087800000, 0x0000000087800000| Untracked 
| 121|0x0000000087900000, 0x0000000087900000, 0x0000000087a00000|  0%| F|  |TAMS 0x0000000087900000, 0x0000000087900000| Untracked 
| 122|0x0000000087a00000, 0x0000000087a00000, 0x0000000087b00000|  0%| F|  |TAMS 0x0000000087a00000, 0x0000000087a00000| Untracked 
| 123|0x0000000087b00000, 0x0000000087b00000, 0x0000000087c00000|  0%| F|  |TAMS 0x0000000087b00000, 0x0000000087b00000| Untracked 
| 124|0x0000000087c00000, 0x0000000087c00000, 0x0000000087d00000|  0%| F|  |TAMS 0x0000000087c00000, 0x0000000087c00000| Untracked 
| 125|0x0000000087d00000, 0x0000000087d00000, 0x0000000087e00000|  0%| F|  |TAMS 0x0000000087d00000, 0x0000000087d00000| Untracked 
| 126|0x0000000087e00000, 0x0000000087e00000, 0x0000000087f00000|  0%| F|  |TAMS 0x0000000087e00000, 0x0000000087e00000| Untracked 
| 127|0x0000000087f00000, 0x0000000087f00000, 0x0000000088000000|  0%| F|  |TAMS 0x0000000087f00000, 0x0000000087f00000| Untracked 
| 128|0x0000000088000000, 0x0000000088000000, 0x0000000088100000|  0%| F|  |TAMS 0x0000000088000000, 0x0000000088000000| Untracked 
| 129|0x0000000088100000, 0x0000000088100000, 0x0000000088200000|  0%| F|  |TAMS 0x0000000088100000, 0x0000000088100000| Untracked 
| 130|0x0000000088200000, 0x0000000088200000, 0x0000000088300000|  0%| F|  |TAMS 0x0000000088200000, 0x0000000088200000| Untracked 
| 131|0x0000000088300000, 0x0000000088300000, 0x0000000088400000|  0%| F|  |TAMS 0x0000000088300000, 0x0000000088300000| Untracked 
| 132|0x0000000088400000, 0x0000000088400000, 0x0000000088500000|  0%| F|  |TAMS 0x0000000088400000, 0x0000000088400000| Untracked 
| 133|0x0000000088500000, 0x0000000088500000, 0x0000000088600000|  0%| F|  |TAMS 0x0000000088500000, 0x0000000088500000| Untracked 
| 134|0x0000000088600000, 0x0000000088600000, 0x0000000088700000|  0%| F|  |TAMS 0x0000000088600000, 0x0000000088600000| Untracked 
| 135|0x0000000088700000, 0x0000000088700000, 0x0000000088800000|  0%| F|  |TAMS 0x0000000088700000, 0x0000000088700000| Untracked 
| 136|0x0000000088800000, 0x0000000088800000, 0x0000000088900000|  0%| F|  |TAMS 0x0000000088800000, 0x0000000088800000| Untracked 
| 137|0x0000000088900000, 0x0000000088900000, 0x0000000088a00000|  0%| F|  |TAMS 0x0000000088900000, 0x0000000088900000| Untracked 
| 138|0x0000000088a00000, 0x0000000088a00000, 0x0000000088b00000|  0%| F|  |TAMS 0x0000000088a00000, 0x0000000088a00000| Untracked 
| 139|0x0000000088b00000, 0x0000000088b00000, 0x0000000088c00000|  0%| F|  |TAMS 0x0000000088b00000, 0x0000000088b00000| Untracked 
| 140|0x0000000088c00000, 0x0000000088c00000, 0x0000000088d00000|  0%| F|  |TAMS 0x0000000088c00000, 0x0000000088c00000| Untracked 
| 141|0x0000000088d00000, 0x0000000088d00000, 0x0000000088e00000|  0%| F|  |TAMS 0x0000000088d00000, 0x0000000088d00000| Untracked 
| 142|0x0000000088e00000, 0x0000000088e00000, 0x0000000088f00000|  0%| F|  |TAMS 0x0000000088e00000, 0x0000000088e00000| Untracked 
| 143|0x0000000088f00000, 0x0000000088f00000, 0x0000000089000000|  0%| F|  |TAMS 0x0000000088f00000, 0x0000000088f00000| Untracked 
| 144|0x0000000089000000, 0x0000000089000000, 0x0000000089100000|  0%| F|  |TAMS 0x0000000089000000, 0x0000000089000000| Untracked 
| 145|0x0000000089100000, 0x0000000089100000, 0x0000000089200000|  0%| F|  |TAMS 0x0000000089100000, 0x0000000089100000| Untracked 
| 146|0x0000000089200000, 0x0000000089200000, 0x0000000089300000|  0%| F|  |TAMS 0x0000000089200000, 0x0000000089200000| Untracked 
| 147|0x0000000089300000, 0x0000000089300000, 0x0000000089400000|  0%| F|  |TAMS 0x0000000089300000, 0x0000000089300000| Untracked 
| 148|0x0000000089400000, 0x0000000089400000, 0x0000000089500000|  0%| F|  |TAMS 0x0000000089400000, 0x0000000089400000| Untracked 
| 149|0x0000000089500000, 0x0000000089500000, 0x0000000089600000|  0%| F|  |TAMS 0x0000000089500000, 0x0000000089500000| Untracked 
| 150|0x0000000089600000, 0x0000000089600000, 0x0000000089700000|  0%| F|  |TAMS 0x0000000089600000, 0x0000000089600000| Untracked 
| 151|0x0000000089700000, 0x0000000089700000, 0x0000000089800000|  0%| F|  |TAMS 0x0000000089700000, 0x0000000089700000| Untracked 
| 152|0x0000000089800000, 0x0000000089800000, 0x0000000089900000|  0%| F|  |TAMS 0x0000000089800000, 0x0000000089800000| Untracked 
| 153|0x0000000089900000, 0x0000000089900000, 0x0000000089a00000|  0%| F|  |TAMS 0x0000000089900000, 0x0000000089900000| Untracked 
| 154|0x0000000089a00000, 0x0000000089a00000, 0x0000000089b00000|  0%| F|  |TAMS 0x0000000089a00000, 0x0000000089a00000| Untracked 
| 155|0x0000000089b00000, 0x0000000089b00000, 0x0000000089c00000|  0%| F|  |TAMS 0x0000000089b00000, 0x0000000089b00000| Untracked 
| 156|0x0000000089c00000, 0x0000000089c00000, 0x0000000089d00000|  0%| F|  |TAMS 0x0000000089c00000, 0x0000000089c00000| Untracked 
| 157|0x0000000089d00000, 0x0000000089d00000, 0x0000000089e00000|  0%| F|  |TAMS 0x0000000089d00000, 0x0000000089d00000| Untracked 
| 158|0x0000000089e00000, 0x0000000089e00000, 0x0000000089f00000|  0%| F|  |TAMS 0x0000000089e00000, 0x0000000089e00000| Untracked 
| 159|0x0000000089f00000, 0x0000000089f00000, 0x000000008a000000|  0%| F|  |TAMS 0x0000000089f00000, 0x0000000089f00000| Untracked 
| 160|0x000000008a000000, 0x000000008a000000, 0x000000008a100000|  0%| F|  |TAMS 0x000000008a000000, 0x000000008a000000| Untracked 
| 161|0x000000008a100000, 0x000000008a100000, 0x000000008a200000|  0%| F|  |TAMS 0x000000008a100000, 0x000000008a100000| Untracked 
| 162|0x000000008a200000, 0x000000008a200000, 0x000000008a300000|  0%| F|  |TAMS 0x000000008a200000, 0x000000008a200000| Untracked 
| 163|0x000000008a300000, 0x000000008a300000, 0x000000008a400000|  0%| F|  |TAMS 0x000000008a300000, 0x000000008a300000| Untracked 
| 164|0x000000008a400000, 0x000000008a400000, 0x000000008a500000|  0%| F|  |TAMS 0x000000008a400000, 0x000000008a400000| Untracked 
| 165|0x000000008a500000, 0x000000008a500000, 0x000000008a600000|  0%| F|  |TAMS 0x000000008a500000, 0x000000008a500000| Untracked 
| 166|0x000000008a600000, 0x000000008a700000, 0x000000008a700000|100%| E|  |TAMS 0x000000008a600000, 0x000000008a600000| Complete 
| 167|0x000000008a700000, 0x000000008a800000, 0x000000008a800000|100%| E|CS|TAMS 0x000000008a700000, 0x000000008a700000| Complete 
| 168|0x000000008a800000, 0x000000008a900000, 0x000000008a900000|100%| E|CS|TAMS 0x000000008a800000, 0x000000008a800000| Complete 
| 169|0x000000008a900000, 0x000000008aa00000, 0x000000008aa00000|100%| E|CS|TAMS 0x000000008a900000, 0x000000008a900000| Complete 
| 170|0x000000008aa00000, 0x000000008ab00000, 0x000000008ab00000|100%| E|CS|TAMS 0x000000008aa00000, 0x000000008aa00000| Complete 
| 171|0x000000008ab00000, 0x000000008ac00000, 0x000000008ac00000|100%| E|CS|TAMS 0x000000008ab00000, 0x000000008ab00000| Complete 
| 172|0x000000008ac00000, 0x000000008ad00000, 0x000000008ad00000|100%| E|CS|TAMS 0x000000008ac00000, 0x000000008ac00000| Complete 
| 173|0x000000008ad00000, 0x000000008ae00000, 0x000000008ae00000|100%| E|CS|TAMS 0x000000008ad00000, 0x000000008ad00000| Complete 
| 174|0x000000008ae00000, 0x000000008af00000, 0x000000008af00000|100%| E|CS|TAMS 0x000000008ae00000, 0x000000008ae00000| Complete 
| 175|0x000000008af00000, 0x000000008b000000, 0x000000008b000000|100%| E|CS|TAMS 0x000000008af00000, 0x000000008af00000| Complete 
| 176|0x000000008b000000, 0x000000008b100000, 0x000000008b100000|100%| E|CS|TAMS 0x000000008b000000, 0x000000008b000000| Complete 
| 177|0x000000008b100000, 0x000000008b200000, 0x000000008b200000|100%| E|CS|TAMS 0x000000008b100000, 0x000000008b100000| Complete 
| 178|0x000000008b200000, 0x000000008b300000, 0x000000008b300000|100%| E|CS|TAMS 0x000000008b200000, 0x000000008b200000| Complete 

Card table byte_map: [0x0000027bf7a40000,0x0000027bf7e40000] _byte_map_base: 0x0000027bf7640000

Marking Bits (Prev, Next): (CMBitMap*) 0x0000027be462e478, (CMBitMap*) 0x0000027be462e4b0
 Prev Bits: [0x0000027bf8240000, 0x0000027bfa240000)
 Next Bits: [0x0000027bfa240000, 0x0000027bfc240000)

Polling page: 0x0000027be25c0000

Metaspace:

Usage:
  Non-class:     60.00 MB capacity,    58.88 MB ( 98%) used,   952.41 KB (  2%) free+waste,   187.50 KB ( <1%) overhead. 
      Class:      8.85 MB capacity,     8.27 MB ( 93%) used,   509.69 KB (  6%) free+waste,    86.13 KB ( <1%) overhead. 
       Both:     68.85 MB capacity,    67.16 MB ( 98%) used,     1.43 MB (  2%) free+waste,   273.63 KB ( <1%) overhead. 

Virtual space:
  Non-class space:       60.00 MB reserved,      60.00 MB (100%) committed 
      Class space:        1.00 GB reserved,       8.88 MB ( <1%) committed 
             Both:        1.06 GB reserved,      68.88 MB (  6%) committed 

Chunk freelists:
   Non-Class:  3.00 KB
       Class:  0 bytes
        Both:  3.00 KB

MaxMetaspaceSize: 17179869184.00 GB
CompressedClassSpaceSize: 1.00 GB
Initial GC threshold: 20.80 MB
Current GC threshold: 84.38 MB
CDS: off

CodeHeap 'non-profiled nmethods': size=120000Kb used=11385Kb max_used=11385Kb free=108614Kb
 bounds [0x0000027befbc0000, 0x0000027bf06e0000, 0x0000027bf70f0000]
CodeHeap 'profiled nmethods': size=120000Kb used=26438Kb max_used=26438Kb free=93562Kb
 bounds [0x0000027be8690000, 0x0000027bea070000, 0x0000027befbc0000]
CodeHeap 'non-nmethods': size=5760Kb used=2356Kb max_used=2408Kb free=3403Kb
 bounds [0x0000027be80f0000, 0x0000027be8360000, 0x0000027be8690000]
 total_blobs=12148 nmethods=11279 adapters=780
 compilation: enabled
              stopped_count=0, restarted_count=0
 full_count=0

Compilation events (20 events):
Event: 412.157 Thread 0x0000027bff750000 nmethod 12178 0x0000027bea047490 code [0x0000027bea047c00, 0x0000027bea04cc78]
Event: 412.179 Thread 0x0000027bff750000 12179       3       org.objectweb.asm.Label::markSubroutine (50 bytes)
Event: 412.179 Thread 0x0000027bff750000 nmethod 12179 0x0000027bea04f190 code [0x0000027bea04f360, 0x0000027bea04f648]
Event: 412.211 Thread 0x0000027bff74f000 12180       4       org.objectweb.asm.ClassReader::readMethod (1061 bytes)
Event: 412.218 Thread 0x0000027bff750000 12181       3       org.objectweb.asm.MethodWriter::computeMethodInfoSize (571 bytes)
Event: 412.220 Thread 0x0000027bff750000 nmethod 12181 0x0000027bea04f790 code [0x0000027bea04fae0, 0x0000027bea050ae8]
Event: 412.220 Thread 0x0000027bff750000 12182       3       org.objectweb.asm.MethodWriter::putMethodInfo (1274 bytes)
Event: 412.224 Thread 0x0000027bff750000 nmethod 12182 0x0000027bea051210 code [0x0000027bea0518a0, 0x0000027bea053ea8]
Event: 412.224 Thread 0x0000027bff750000 12187       3       org.objectweb.asm.ClassWriter::toByteArray (1535 bytes)
Event: 412.231 Thread 0x0000027bff750000 nmethod 12187 0x0000027bea055190 code [0x0000027bea055a80, 0x0000027bea059828]
Event: 412.231 Thread 0x0000027bff750000 12186       3       org.objectweb.asm.ClassReader::readField (667 bytes)
Event: 412.235 Thread 0x0000027bff750000 nmethod 12186 0x0000027bea05b890 code [0x0000027bea05be20, 0x0000027bea05ed78]
Event: 412.235 Thread 0x0000027bff750000 12183       3       org.objectweb.asm.AnnotationWriter::computeAnnotationsSize (66 bytes)
Event: 412.235 Thread 0x0000027bff750000 nmethod 12183 0x0000027bea060610 code [0x0000027bea060800, 0x0000027bea060b18]
Event: 412.235 Thread 0x0000027bff750000 12184       3       org.objectweb.asm.AnnotationWriter::putAnnotations (67 bytes)
Event: 412.236 Thread 0x0000027bff750000 nmethod 12184 0x0000027bea060d10 code [0x0000027bea060f40, 0x0000027bea061378]
Event: 412.236 Thread 0x0000027bff750000 12185       3       org.objectweb.asm.FieldWriter::putFieldInfo (269 bytes)
Event: 412.237 Thread 0x0000027bff750000 nmethod 12185 0x0000027bea061610 code [0x0000027bea0618a0, 0x0000027bea062248]
Event: 412.237 Thread 0x0000027bff750000 12189       3       org.objectweb.asm.FieldWriter::computeFieldInfoSize (86 bytes)
Event: 412.237 Thread 0x0000027bff750000 nmethod 12189 0x0000027bea062610 code [0x0000027bea062800, 0x0000027bea062b58]

GC Heap History (20 events):
Event: 405.945 GC heap before
{Heap before GC invocations=104 (full 0):
 garbage-first heap   total 183296K, used 157476K [0x0000000080000000, 0x0000000100000000)
  region size 1024K, 74 young (75776K), 6 survivors (6144K)
 Metaspace       used 68744K, capacity 70503K, committed 70528K, reserved 1110016K
  class space    used 8471K, capacity 9067K, committed 9088K, reserved 1048576K
}
Event: 405.950 GC heap after
{Heap after GC invocations=105 (full 0):
 garbage-first heap   total 183296K, used 89322K [0x0000000080000000, 0x0000000100000000)
  region size 1024K, 6 young (6144K), 6 survivors (6144K)
 Metaspace       used 68744K, capacity 70503K, committed 70528K, reserved 1110016K
  class space    used 8471K, capacity 9067K, committed 9088K, reserved 1048576K
}
Event: 406.167 GC heap before
{Heap before GC invocations=105 (full 0):
 garbage-first heap   total 183296K, used 156906K [0x0000000080000000, 0x0000000100000000)
  region size 1024K, 74 young (75776K), 6 survivors (6144K)
 Metaspace       used 68744K, capacity 70503K, committed 70528K, reserved 1110016K
  class space    used 8471K, capacity 9067K, committed 9088K, reserved 1048576K
}
Event: 406.170 GC heap after
{Heap after GC invocations=106 (full 0):
 garbage-first heap   total 183296K, used 89483K [0x0000000080000000, 0x0000000100000000)
  region size 1024K, 6 young (6144K), 6 survivors (6144K)
 Metaspace       used 68744K, capacity 70503K, committed 70528K, reserved 1110016K
  class space    used 8471K, capacity 9067K, committed 9088K, reserved 1048576K
}
Event: 406.448 GC heap before
{Heap before GC invocations=106 (full 0):
 garbage-first heap   total 183296K, used 157067K [0x0000000080000000, 0x0000000100000000)
  region size 1024K, 73 young (74752K), 6 survivors (6144K)
 Metaspace       used 68744K, capacity 70503K, committed 70528K, reserved 1110016K
  class space    used 8471K, capacity 9067K, committed 9088K, reserved 1048576K
}
Event: 406.453 GC heap after
{Heap after GC invocations=107 (full 0):
 garbage-first heap   total 183296K, used 87944K [0x0000000080000000, 0x0000000100000000)
  region size 1024K, 4 young (4096K), 4 survivors (4096K)
 Metaspace       used 68744K, capacity 70503K, committed 70528K, reserved 1110016K
  class space    used 8471K, capacity 9067K, committed 9088K, reserved 1048576K
}
Event: 407.126 GC heap before
{Heap before GC invocations=107 (full 0):
 garbage-first heap   total 183296K, used 157576K [0x0000000080000000, 0x0000000100000000)
  region size 1024K, 73 young (74752K), 4 survivors (4096K)
 Metaspace       used 68744K, capacity 70503K, committed 70528K, reserved 1110016K
  class space    used 8471K, capacity 9067K, committed 9088K, reserved 1048576K
}
Event: 407.130 GC heap after
{Heap after GC invocations=108 (full 0):
 garbage-first heap   total 183296K, used 88129K [0x0000000080000000, 0x0000000100000000)
  region size 1024K, 4 young (4096K), 4 survivors (4096K)
 Metaspace       used 68744K, capacity 70503K, committed 70528K, reserved 1110016K
  class space    used 8471K, capacity 9067K, committed 9088K, reserved 1048576K
}
Event: 408.258 GC heap before
{Heap before GC invocations=108 (full 0):
 garbage-first heap   total 183296K, used 157761K [0x0000000080000000, 0x0000000100000000)
  region size 1024K, 73 young (74752K), 4 survivors (4096K)
 Metaspace       used 68745K, capacity 70504K, committed 70528K, reserved 1110016K
  class space    used 8471K, capacity 9067K, committed 9088K, reserved 1048576K
}
Event: 408.259 GC heap after
{Heap after GC invocations=109 (full 0):
 garbage-first heap   total 183296K, used 82718K [0x0000000080000000, 0x0000000100000000)
  region size 1024K, 1 young (1024K), 1 survivors (1024K)
 Metaspace       used 68745K, capacity 70504K, committed 70528K, reserved 1110016K
  class space    used 8471K, capacity 9067K, committed 9088K, reserved 1048576K
}
Event: 409.875 GC heap before
{Heap before GC invocations=109 (full 0):
 garbage-first heap   total 183296K, used 156446K [0x0000000080000000, 0x0000000100000000)
  region size 1024K, 75 young (76800K), 1 survivors (1024K)
 Metaspace       used 68745K, capacity 70504K, committed 70528K, reserved 1110016K
  class space    used 8471K, capacity 9067K, committed 9088K, reserved 1048576K
}
Event: 409.877 GC heap after
{Heap after GC invocations=110 (full 0):
 garbage-first heap   total 183296K, used 83526K [0x0000000080000000, 0x0000000100000000)
  region size 1024K, 2 young (2048K), 2 survivors (2048K)
 Metaspace       used 68745K, capacity 70504K, committed 70528K, reserved 1110016K
  class space    used 8471K, capacity 9067K, committed 9088K, reserved 1048576K
}
Event: 410.287 GC heap before
{Heap before GC invocations=110 (full 0):
 garbage-first heap   total 183296K, used 156230K [0x0000000080000000, 0x0000000100000000)
  region size 1024K, 74 young (75776K), 2 survivors (2048K)
 Metaspace       used 68750K, capacity 70504K, committed 70528K, reserved 1110016K
  class space    used 8471K, capacity 9067K, committed 9088K, reserved 1048576K
}
Event: 410.289 GC heap after
{Heap after GC invocations=111 (full 0):
 garbage-first heap   total 183296K, used 83420K [0x0000000080000000, 0x0000000100000000)
  region size 1024K, 2 young (2048K), 2 survivors (2048K)
 Metaspace       used 68750K, capacity 70504K, committed 70528K, reserved 1110016K
  class space    used 8471K, capacity 9067K, committed 9088K, reserved 1048576K
}
Event: 410.864 GC heap before
{Heap before GC invocations=111 (full 0):
 garbage-first heap   total 183296K, used 157148K [0x0000000080000000, 0x0000000100000000)
  region size 1024K, 76 young (77824K), 2 survivors (2048K)
 Metaspace       used 68750K, capacity 70504K, committed 70528K, reserved 1110016K
  class space    used 8471K, capacity 9067K, committed 9088K, reserved 1048576K
}
Event: 410.866 GC heap after
{Heap after GC invocations=112 (full 0):
 garbage-first heap   total 183296K, used 83407K [0x0000000080000000, 0x0000000100000000)
  region size 1024K, 2 young (2048K), 2 survivors (2048K)
 Metaspace       used 68750K, capacity 70504K, committed 70528K, reserved 1110016K
  class space    used 8471K, capacity 9067K, committed 9088K, reserved 1048576K
}
Event: 411.149 GC heap before
{Heap before GC invocations=112 (full 0):
 garbage-first heap   total 183296K, used 157135K [0x0000000080000000, 0x0000000100000000)
  region size 1024K, 75 young (76800K), 2 survivors (2048K)
 Metaspace       used 68750K, capacity 70504K, committed 70528K, reserved 1110016K
  class space    used 8471K, capacity 9067K, committed 9088K, reserved 1048576K
}
Event: 411.151 GC heap after
{Heap after GC invocations=113 (full 0):
 garbage-first heap   total 183296K, used 83090K [0x0000000080000000, 0x0000000100000000)
  region size 1024K, 1 young (1024K), 1 survivors (1024K)
 Metaspace       used 68750K, capacity 70504K, committed 70528K, reserved 1110016K
  class space    used 8471K, capacity 9067K, committed 9088K, reserved 1048576K
}
Event: 411.794 GC heap before
{Heap before GC invocations=113 (full 0):
 garbage-first heap   total 183296K, used 158866K [0x0000000080000000, 0x0000000100000000)
  region size 1024K, 75 young (76800K), 1 survivors (1024K)
 Metaspace       used 68766K, capacity 70504K, committed 70528K, reserved 1110016K
  class space    used 8471K, capacity 9067K, committed 9088K, reserved 1048576K
}
Event: 411.795 GC heap after
{Heap after GC invocations=114 (full 0):
 garbage-first heap   total 183296K, used 83633K [0x0000000080000000, 0x0000000100000000)
  region size 1024K, 2 young (2048K), 2 survivors (2048K)
 Metaspace       used 68766K, capacity 70504K, committed 70528K, reserved 1110016K
  class space    used 8471K, capacity 9067K, committed 9088K, reserved 1048576K
}

Deoptimization events (20 events):
Event: 412.219 Thread 0x0000027b819d1000 Uncommon trap: trap_request=0xffffff4d fr.pc=0x0000027bf02276fc relative=0x0000000000003dbc
Event: 412.219 Thread 0x0000027b819d1000 Uncommon trap: reason=unstable_if action=reinterpret pc=0x0000027bf02276fc method=org.objectweb.asm.ClassReader.readField(Lorg/objectweb/asm/ClassVisitor;Lorg/objectweb/asm/Context;I)I @ 236 c2
Event: 412.219 Thread 0x0000027b819d1000 DEOPT PACKING pc=0x0000027bf02276fc sp=0x0000009ed5cfe310
Event: 412.219 Thread 0x0000027b819d1000 DEOPT UNPACKING pc=0x0000027be813a1af sp=0x0000009ed5cfe2c8 mode 2
Event: 412.219 Thread 0x0000027b819d1000 Uncommon trap: trap_request=0xffffff4d fr.pc=0x0000027bf02aa40c relative=0x0000000000002c6c
Event: 412.219 Thread 0x0000027b819d1000 Uncommon trap: reason=unstable_if action=reinterpret pc=0x0000027bf02aa40c method=org.objectweb.asm.AnnotationWriter.computeAnnotationsSize(Lorg/objectweb/asm/AnnotationWriter;Lorg/objectweb/asm/AnnotationWriter;Lorg/objectweb/asm/AnnotationWriter;Lorg/ob
Event: 412.220 Thread 0x0000027b819d1000 DEOPT PACKING pc=0x0000027bf02aa40c sp=0x0000009ed5cfe490
Event: 412.220 Thread 0x0000027b819d1000 DEOPT UNPACKING pc=0x0000027be813a1af sp=0x0000009ed5cfe320 mode 2
Event: 412.220 Thread 0x0000027b819d1000 Uncommon trap: trap_request=0xffffff4d fr.pc=0x0000027bf021d0d4 relative=0x0000000000000c54
Event: 412.220 Thread 0x0000027b819d1000 Uncommon trap: reason=unstable_if action=reinterpret pc=0x0000027bf021d0d4 method=org.objectweb.asm.FieldWriter.putFieldInfo(Lorg/objectweb/asm/ByteVector;)V @ 135 c2
Event: 412.220 Thread 0x0000027b819d1000 DEOPT PACKING pc=0x0000027bf021d0d4 sp=0x0000009ed5cfe3d0
Event: 412.222 Thread 0x0000027b819d1000 DEOPT UNPACKING pc=0x0000027be813a1af sp=0x0000009ed5cfe388 mode 2
Event: 412.230 Thread 0x0000027b819d1000 Uncommon trap: trap_request=0xffffff4d fr.pc=0x0000027bf021e99c relative=0x000000000000037c
Event: 412.230 Thread 0x0000027b819d1000 Uncommon trap: reason=unstable_if action=reinterpret pc=0x0000027bf021e99c method=org.objectweb.asm.AnnotationWriter.computeAnnotationsSize(Lorg/objectweb/asm/AnnotationWriter;Lorg/objectweb/asm/AnnotationWriter;Lorg/objectweb/asm/AnnotationWriter;Lorg/ob
Event: 412.230 Thread 0x0000027b819d1000 DEOPT PACKING pc=0x0000027bf021e99c sp=0x0000009ed5cfe3f0
Event: 412.230 Thread 0x0000027b819d1000 DEOPT UNPACKING pc=0x0000027be813a1af sp=0x0000009ed5cfe310 mode 2
Event: 412.307 Thread 0x0000027b819d6000 Uncommon trap: trap_request=0xffffffde fr.pc=0x0000027bf06270d4 relative=0x0000000000000214
Event: 412.307 Thread 0x0000027b819d6000 Uncommon trap: reason=class_check action=maybe_recompile pc=0x0000027bf06270d4 method=sun.nio.ch.IOUtil.write(Ljava/io/FileDescriptor;Ljava/nio/ByteBuffer;JZILsun/nio/ch/NativeDispatcher;)I @ 1 c2
Event: 412.307 Thread 0x0000027b819d6000 DEOPT PACKING pc=0x0000027bf06270d4 sp=0x0000009ed5bfe2c0
Event: 412.307 Thread 0x0000027b819d6000 DEOPT UNPACKING pc=0x0000027be813a1af sp=0x0000009ed5bfe248 mode 2

Classes redefined (0 events):
No events

Internal exceptions (20 events):
Event: 411.810 Thread 0x0000027b819d7800 Exception <a 'sun/nio/fs/WindowsException'{0x000000008b04c610}> (0x000000008b04c610) thrown at [./src/hotspot/share/prims/jni.cpp, line 615]
Event: 411.820 Thread 0x0000027b817f3800 Exception <a 'sun/nio/fs/WindowsException'{0x000000008ae68c70}> (0x000000008ae68c70) thrown at [./src/hotspot/share/prims/jni.cpp, line 615]
Event: 411.821 Thread 0x0000027b817f3800 Exception <a 'sun/nio/fs/WindowsException'{0x000000008ae68e10}> (0x000000008ae68e10) thrown at [./src/hotspot/share/prims/jni.cpp, line 615]
Event: 411.830 Thread 0x0000027b817f3800 Exception <a 'sun/nio/fs/WindowsException'{0x000000008ae73048}> (0x000000008ae73048) thrown at [./src/hotspot/share/prims/jni.cpp, line 615]
Event: 411.842 Thread 0x0000027b817f3800 Exception <a 'sun/nio/fs/WindowsException'{0x000000008ac3b2c0}> (0x000000008ac3b2c0) thrown at [./src/hotspot/share/prims/jni.cpp, line 615]
Event: 411.951 Thread 0x0000027b817f3800 Exception <a 'sun/nio/fs/WindowsException'{0x000000008ac3b468}> (0x000000008ac3b468) thrown at [./src/hotspot/share/prims/jni.cpp, line 615]
Event: 411.958 Thread 0x0000027b817f3800 Exception <a 'sun/nio/fs/WindowsException'{0x000000008ac52f30}> (0x000000008ac52f30) thrown at [./src/hotspot/share/prims/jni.cpp, line 615]
Event: 411.963 Thread 0x0000027b817f3800 Exception <a 'sun/nio/fs/WindowsException'{0x000000008acc1d40}> (0x000000008acc1d40) thrown at [./src/hotspot/share/prims/jni.cpp, line 615]
Event: 411.965 Thread 0x0000027b817f3800 Exception <a 'sun/nio/fs/WindowsException'{0x000000008acc1ed0}> (0x000000008acc1ed0) thrown at [./src/hotspot/share/prims/jni.cpp, line 615]
Event: 412.049 Thread 0x0000027b817f3800 Exception <a 'sun/nio/fs/WindowsException'{0x000000008ace2780}> (0x000000008ace2780) thrown at [./src/hotspot/share/prims/jni.cpp, line 615]
Event: 412.076 Thread 0x0000027b817f3800 Exception <a 'sun/nio/fs/WindowsException'{0x000000008aaa4568}> (0x000000008aaa4568) thrown at [./src/hotspot/share/prims/jni.cpp, line 615]
Event: 412.077 Thread 0x0000027b817f3800 Exception <a 'sun/nio/fs/WindowsException'{0x000000008aaa46f0}> (0x000000008aaa46f0) thrown at [./src/hotspot/share/prims/jni.cpp, line 615]
Event: 412.119 Thread 0x0000027b819d6800 Exception <a 'sun/nio/fs/WindowsException'{0x000000008a0c8310}> (0x000000008a0c8310) thrown at [./src/hotspot/share/prims/jni.cpp, line 615]
Event: 412.147 Thread 0x0000027b819d6800 Exception <a 'sun/nio/fs/WindowsException'{0x0000000089968880}> (0x0000000089968880) thrown at [./src/hotspot/share/prims/jni.cpp, line 615]
Event: 412.156 Thread 0x0000027b819d6800 Exception <a 'sun/nio/fs/WindowsException'{0x0000000089968a40}> (0x0000000089968a40) thrown at [./src/hotspot/share/prims/jni.cpp, line 615]
Event: 412.180 Thread 0x0000027b819d2800 Exception <a 'sun/nio/fs/WindowsException'{0x0000000088eca218}> (0x0000000088eca218) thrown at [./src/hotspot/share/prims/jni.cpp, line 615]
Event: 412.196 Thread 0x0000027b819d0000 Exception <a 'sun/nio/fs/WindowsException'{0x000000008872d590}> (0x000000008872d590) thrown at [./src/hotspot/share/prims/jni.cpp, line 615]
Event: 412.197 Thread 0x0000027b819d0000 Exception <a 'sun/nio/fs/WindowsException'{0x000000008872d720}> (0x000000008872d720) thrown at [./src/hotspot/share/prims/jni.cpp, line 615]
Event: 412.237 Thread 0x0000027b817f5000 Exception <a 'sun/nio/fs/WindowsException'{0x0000000087733f50}> (0x0000000087733f50) thrown at [./src/hotspot/share/prims/jni.cpp, line 615]
Event: 412.238 Thread 0x0000027b817f5000 Exception <a 'sun/nio/fs/WindowsException'{0x00000000877340b8}> (0x00000000877340b8) thrown at [./src/hotspot/share/prims/jni.cpp, line 615]

Events (20 events):
Event: 406.448 Executing VM operation: G1CollectForAllocation
Event: 406.453 Executing VM operation: G1CollectForAllocation done
Event: 407.072 Executing VM operation: G1CollectForAllocation
Event: 407.130 Executing VM operation: G1CollectForAllocation done
Event: 408.257 Executing VM operation: G1CollectForAllocation
Event: 408.260 Executing VM operation: G1CollectForAllocation done
Event: 409.873 Executing VM operation: G1CollectForAllocation
Event: 409.873 Executing VM operation: G1CollectForAllocation done
Event: 409.874 Executing VM operation: G1CollectForAllocation
Event: 409.877 Executing VM operation: G1CollectForAllocation done
Event: 410.287 Executing VM operation: G1CollectForAllocation
Event: 410.289 Executing VM operation: G1CollectForAllocation done
Event: 410.838 Executing VM operation: G1CollectForAllocation
Event: 410.862 Executing VM operation: G1CollectForAllocation done
Event: 410.863 Executing VM operation: G1CollectForAllocation
Event: 410.866 Executing VM operation: G1CollectForAllocation done
Event: 411.149 Executing VM operation: G1CollectForAllocation
Event: 411.151 Executing VM operation: G1CollectForAllocation done
Event: 411.794 Executing VM operation: G1CollectForAllocation
Event: 411.795 Executing VM operation: G1CollectForAllocation done


Dynamic libraries:
0x00007ff70dbb0000 - 0x00007ff70dbba000 	C:\Program Files\Android\Android Studio1\jre\bin\java.exe
0x00007ffc31500000 - 0x00007ffc31709000 	C:\windows\SYSTEM32\ntdll.dll
0x00007ffc2fae0000 - 0x00007ffc2fb9d000 	C:\windows\System32\KERNEL32.DLL
0x00007ffc2ec30000 - 0x00007ffc2efa9000 	C:\windows\System32\KERNELBASE.dll
0x00007ffc2b9e0000 - 0x00007ffc2ba71000 	C:\windows\SYSTEM32\apphelp.dll
0x00007ffc2eb10000 - 0x00007ffc2ec21000 	C:\windows\System32\ucrtbase.dll
0x00007ffc24f80000 - 0x00007ffc24f97000 	C:\Program Files\Android\Android Studio1\jre\bin\VCRUNTIME140.dll
0x00007ffc203f0000 - 0x00007ffc20409000 	C:\Program Files\Android\Android Studio1\jre\bin\jli.dll
0x00007ffc2f3a0000 - 0x00007ffc2f54c000 	C:\windows\System32\USER32.dll
0x00007ffc2f070000 - 0x00007ffc2f096000 	C:\windows\System32\win32u.dll
0x00007ffc11490000 - 0x00007ffc11735000 	C:\windows\WinSxS\amd64_microsoft.windows.common-controls_6595b64144ccf1df_6.0.22000.120_none_9d947278b86cc467\COMCTL32.dll
0x00007ffc30240000 - 0x00007ffc30269000 	C:\windows\System32\GDI32.dll
0x00007ffc2f210000 - 0x00007ffc2f322000 	C:\windows\System32\gdi32full.dll
0x00007ffc31080000 - 0x00007ffc31123000 	C:\windows\System32\msvcrt.dll
0x00007ffc2ea70000 - 0x00007ffc2eb0d000 	C:\windows\System32\msvcp_win.dll
0x00007ffc31480000 - 0x00007ffc314b1000 	C:\windows\System32\IMM32.DLL
0x00007ffbfda30000 - 0x00007ffbfdacd000 	C:\Program Files\Android\Android Studio1\jre\bin\msvcp140.dll
0x00007ffbdc050000 - 0x00007ffbdcb35000 	C:\Program Files\Android\Android Studio1\jre\bin\server\jvm.dll
0x00007ffc30770000 - 0x00007ffc3081e000 	C:\windows\System32\ADVAPI32.dll
0x00007ffc2f9e0000 - 0x00007ffc2fa7e000 	C:\windows\System32\sechost.dll
0x00007ffc2f8c0000 - 0x00007ffc2f9e0000 	C:\windows\System32\RPCRT4.dll
0x00007ffc302e0000 - 0x00007ffc302e8000 	C:\windows\System32\PSAPI.DLL
0x00007ffc249d0000 - 0x00007ffc24a03000 	C:\windows\SYSTEM32\WINMM.dll
0x00007ffc1db40000 - 0x00007ffc1db4a000 	C:\windows\SYSTEM32\VERSION.dll
0x00007ffc233e0000 - 0x00007ffc233e9000 	C:\windows\SYSTEM32\WSOCK32.dll
0x00007ffc30270000 - 0x00007ffc302df000 	C:\windows\System32\WS2_32.dll
0x00007ffc2dac0000 - 0x00007ffc2dad8000 	C:\windows\SYSTEM32\kernel.appcore.dll
0x00007ffc26960000 - 0x00007ffc26971000 	C:\Program Files\Android\Android Studio1\jre\bin\verify.dll
0x00007ffc2c490000 - 0x00007ffc2c6b1000 	C:\windows\SYSTEM32\DBGHELP.DLL
0x00007ffc0ee20000 - 0x00007ffc0ee51000 	C:\windows\SYSTEM32\dbgcore.DLL
0x00007ffc2e9f0000 - 0x00007ffc2ea6f000 	C:\windows\System32\bcryptPrimitives.dll
0x00007ffc24fa0000 - 0x00007ffc24fc9000 	C:\Program Files\Android\Android Studio1\jre\bin\java.dll
0x00007ffc27870000 - 0x00007ffc2787b000 	C:\Program Files\Android\Android Studio1\jre\bin\jimage.dll
0x00007ffc26310000 - 0x00007ffc26328000 	C:\Program Files\Android\Android Studio1\jre\bin\zip.dll
0x00007ffc30820000 - 0x00007ffc30fcf000 	C:\windows\System32\SHELL32.dll
0x00007ffc2cb20000 - 0x00007ffc2d388000 	C:\windows\SYSTEM32\windows.storage.dll
0x00007ffc2fec0000 - 0x00007ffc30238000 	C:\windows\System32\combase.dll
0x00007ffc2c9b0000 - 0x00007ffc2cb16000 	C:\windows\SYSTEM32\wintypes.dll
0x00007ffc311f0000 - 0x00007ffc312da000 	C:\windows\System32\SHCORE.dll
0x00007ffc31130000 - 0x00007ffc3118d000 	C:\windows\System32\shlwapi.dll
0x00007ffc2e920000 - 0x00007ffc2e941000 	C:\windows\SYSTEM32\profapi.dll
0x00007ffc25910000 - 0x00007ffc2592a000 	C:\Program Files\Android\Android Studio1\jre\bin\net.dll
0x00007ffc26540000 - 0x00007ffc2664c000 	C:\windows\SYSTEM32\WINHTTP.dll
0x00007ffc2df00000 - 0x00007ffc2df67000 	C:\windows\system32\mswsock.dll
0x00007ffc23d10000 - 0x00007ffc23d24000 	C:\Program Files\Android\Android Studio1\jre\bin\nio.dll
0x00007ffc16680000 - 0x00007ffc166a7000 	C:\Users\HP\.gradle\native\e1d6ef7f7dcc3fd88c89a11ec53ec762bb8ba0a96d01ffa2cd45eb1d1d8dd5c5\windows-amd64\native-platform.dll
0x00007ffbf0c00000 - 0x00007ffbf0d44000 	C:\Users\HP\.gradle\native\5664cfc778a61ccfe75a443a1ab52a65af34e5dc3c78e0209fed803814484fcb\windows-amd64\native-platform-file-events.dll
0x00007ffc273b0000 - 0x00007ffc273ba000 	C:\Program Files\Android\Android Studio1\jre\bin\management.dll
0x00007ffc27270000 - 0x00007ffc2727d000 	C:\Program Files\Android\Android Studio1\jre\bin\management_ext.dll
0x00007ffc2e160000 - 0x00007ffc2e178000 	C:\windows\SYSTEM32\CRYPTSP.dll
0x00007ffc2da10000 - 0x00007ffc2da45000 	C:\windows\system32\rsaenh.dll
0x00007ffc2e010000 - 0x00007ffc2e039000 	C:\windows\SYSTEM32\USERENV.dll
0x00007ffc2e350000 - 0x00007ffc2e377000 	C:\windows\SYSTEM32\bcrypt.dll
0x00007ffc2e180000 - 0x00007ffc2e18c000 	C:\windows\SYSTEM32\CRYPTBASE.dll
0x00007ffc2d5e0000 - 0x00007ffc2d60d000 	C:\windows\SYSTEM32\IPHLPAPI.DLL
0x00007ffc30760000 - 0x00007ffc30769000 	C:\windows\System32\NSI.dll
0x00007ffc25580000 - 0x00007ffc25599000 	C:\windows\SYSTEM32\dhcpcsvc6.DLL
0x00007ffc25740000 - 0x00007ffc2575e000 	C:\windows\SYSTEM32\dhcpcsvc.DLL
0x00007ffc2d610000 - 0x00007ffc2d6f8000 	C:\windows\SYSTEM32\DNSAPI.dll
0x00007ffc1b670000 - 0x00007ffc1b697000 	C:\Program Files\Android\Android Studio1\jre\bin\sunec.dll
0x00007ffc25540000 - 0x00007ffc2554a000 	C:\Windows\System32\rasadhlp.dll
0x00007ffc1dd20000 - 0x00007ffc1dda1000 	C:\windows\System32\fwpuclnt.dll

dbghelp: loaded successfully - version: 4.0.5 - missing functions: none
symbol engine: initialized successfully - sym options: 0x614 - pdb path: .;C:\Program Files\Android\Android Studio1\jre\bin;C:\windows\SYSTEM32;C:\windows\WinSxS\amd64_microsoft.windows.common-controls_6595b64144ccf1df_6.0.22000.120_none_9d947278b86cc467;C:\Program Files\Android\Android Studio1\jre\bin\server;C:\Users\HP\.gradle\native\e1d6ef7f7dcc3fd88c89a11ec53ec762bb8ba0a96d01ffa2cd45eb1d1d8dd5c5\windows-amd64;C:\Users\HP\.gradle\native\5664cfc778a61ccfe75a443a1ab52a65af34e5dc3c78e0209fed803814484fcb\windows-amd64

VM Arguments:
jvm_args: --add-opens=java.base/java.util=ALL-UNNAMED --add-opens=java.base/java.lang=ALL-UNNAMED --add-opens=java.base/java.lang.invoke=ALL-UNNAMED --add-opens=java.base/java.util=ALL-UNNAMED --add-opens=java.prefs/java.util.prefs=ALL-UNNAMED --add-opens=java.prefs/java.util.prefs=ALL-UNNAMED --add-opens=java.base/java.nio.charset=ALL-UNNAMED --add-opens=java.base/java.net=ALL-UNNAMED --add-opens=java.base/java.util.concurrent.atomic=ALL-UNNAMED -Xmx2048m -Dfile.encoding=UTF-8 -Duser.country=US -Duser.language=en -Duser.variant 
java_command: org.gradle.launcher.daemon.bootstrap.GradleDaemon 7.3.3
java_class_path (initial): C:\Users\HP\.gradle\wrapper\dists\gradle-7.3.3-bin\6a41zxkdtcxs8rphpq6y0069z\gradle-7.3.3\lib\gradle-launcher-7.3.3.jar
Launcher Type: SUN_STANDARD

[Global flags]
     intx CICompilerCount                          = 4                                         {product} {ergonomic}
     uint ConcGCThreads                            = 3                                         {product} {ergonomic}
     uint G1ConcRefinementThreads                  = 10                                        {product} {ergonomic}
   size_t G1HeapRegionSize                         = 1048576                                   {product} {ergonomic}
    uintx GCDrainStackTargetSize                   = 64                                        {product} {ergonomic}
   size_t InitialHeapSize                          = 130023424                                 {product} {ergonomic}
   size_t MarkStackSize                            = 4194304                                   {product} {ergonomic}
   size_t MaxHeapSize                              = 2147483648                                {product} {command line}
   size_t MaxNewSize                               = 1287651328                                {product} {ergonomic}
   size_t MinHeapDeltaBytes                        = 1048576                                   {product} {ergonomic}
    uintx NonNMethodCodeHeapSize                   = 5836300                                {pd product} {ergonomic}
    uintx NonProfiledCodeHeapSize                  = 122910970                              {pd product} {ergonomic}
    uintx ProfiledCodeHeapSize                     = 122910970                              {pd product} {ergonomic}
    uintx ReservedCodeCacheSize                    = 251658240                              {pd product} {ergonomic}
     bool SegmentedCodeCache                       = true                                      {product} {ergonomic}
     bool UseCompressedClassPointers               = true                                 {lp64_product} {ergonomic}
     bool UseCompressedOops                        = true                                 {lp64_product} {ergonomic}
     bool UseG1GC                                  = true                                      {product} {ergonomic}
     bool UseLargePagesIndividualAllocation        = false                                  {pd product} {ergonomic}

Logging:
Log output configuration:
 #0: stdout all=warning uptime,level,tags
 #1: stderr all=off uptime,level,tags

Environment Variables:
JAVA_HOME=C:\Users\HP\Downloads\jdk-18_windows-x64_bin\jdk-18.0.1.1
PATH=C:\Program Files\Common Files\Oracle\Java\javapath;C:\windows\system32;C:\windows;C:\windows\System32\Wbem;C:\windows\System32\WindowsPowerShell\v1.0\;C:\windows\System32\OpenSSH\;C:\Users\HP\Downloads\jdk-18_windows-x64_bin;C:\Users\HP\AppData\Local\Microsoft\WindowsApps;
USERNAME=HP
OS=Windows_NT
PROCESSOR_IDENTIFIER=Intel64 Family 6 Model 154 Stepping 4, GenuineIntel



---------------  S Y S T E M  ---------------

OS: Windows 10 , 64 bit Build 22000 (10.0.22000.675)
OS uptime: 3 days 16:33 hours
Hyper-V role detected

CPU:total 12 (initial active 12) (6 cores per cpu, 2 threads per core) family 6 model 154 stepping 4 microcode 0x416, cmov, cx8, fxsr, mmx, sse, sse2, sse3, ssse3, sse4.1, sse4.2, popcnt, avx, avx2, aes, clmul, erms, 3dnowpref, lzcnt, ht, tsc, tscinvbit, bmi1, bmi2, adx, sha, fma

Memory: 4k page, system-wide physical 7865M (410M free)
TotalPageFile size 31303M (AvailPageFile size 4M)
current process WorkingSet (physical memory assigned to process): 185M, peak: 373M
current process commit charge ("private bytes"): 462M, peak: 465M

vm_info: OpenJDK 64-Bit Server VM (11.0.12+7-b1504.28-7817840) for windows-amd64 JRE (11.0.12+7-b1504.28-7817840), built on Oct 13 2021 22:12:33 by "builder" with MS VC++ 14.0 (VS2015)

END.
